2021-09-01 17:11:16,863 - movie_review_logger - INFO - 가상 브라우저 실행...
2021-09-01 17:11:18,323 - movie_review_logger - INFO - 밥정 리뷰 수집 시작!
2021-09-01 17:28:44,838 - movie_review_logger - INFO - 가상 브라우저 실행...
2021-09-01 17:28:46,347 - movie_review_logger - INFO - 밥정 리뷰 수집 시작!
2021-09-01 17:29:52,998 - movie_review_logger - INFO - 가상 브라우저 실행...
2021-09-01 17:29:54,454 - movie_review_logger - INFO - 밥정 리뷰 수집 시작!
2021-09-01 17:29:55,142 - movie_review_logger - INFO - 1 페이지 완료...
2021-09-01 17:29:55,743 - movie_review_logger - INFO - 2 페이지 완료...
2021-09-01 17:29:56,335 - movie_review_logger - INFO - 3 페이지 완료...
2021-09-01 17:29:56,910 - movie_review_logger - INFO - 4 페이지 완료...
2021-09-01 17:29:57,460 - movie_review_logger - INFO - 5 페이지 완료...
2021-09-01 17:29:58,089 - movie_review_logger - INFO - 6 페이지 완료...
2021-09-01 17:29:58,629 - movie_review_logger - INFO - 7 페이지 완료...
2021-09-01 17:29:59,143 - movie_review_logger - INFO - 8 페이지 완료...
2021-09-01 17:29:59,680 - movie_review_logger - INFO - 9 페이지 완료...
2021-09-01 17:30:00,195 - movie_review_logger - INFO - 10 페이지 완료...
2021-09-01 17:30:00,792 - movie_review_logger - INFO - 11 페이지 완료...
2021-09-01 17:30:01,449 - movie_review_logger - INFO - 12 페이지 완료...
2021-09-01 17:30:02,043 - movie_review_logger - INFO - 13 페이지 완료...
2021-09-01 17:30:02,648 - movie_review_logger - INFO - 14 페이지 완료...
2021-09-01 17:30:03,422 - movie_review_logger - INFO - 15 페이지 완료...
2021-09-01 17:30:04,230 - movie_review_logger - INFO - 16 페이지 완료...
2021-09-01 17:30:04,890 - movie_review_logger - INFO - 17 페이지 완료...
2021-09-01 17:30:05,564 - movie_review_logger - INFO - 18 페이지 완료...
2021-09-01 17:30:06,166 - movie_review_logger - INFO - 19 페이지 완료...
2021-09-01 17:30:06,835 - movie_review_logger - INFO - 20 페이지 완료...
2021-09-01 17:30:07,823 - movie_review_logger - INFO - 21 페이지 완료...
2021-09-01 17:30:08,547 - movie_review_logger - INFO - 22 페이지 완료...
2021-09-01 17:30:09,145 - movie_review_logger - INFO - 23 페이지 완료...
2021-09-01 17:30:09,758 - movie_review_logger - INFO - 24 페이지 완료...
2021-09-01 17:30:10,494 - movie_review_logger - INFO - 25 페이지 완료...
2021-09-01 17:30:11,260 - movie_review_logger - INFO - 26 페이지 완료...
2021-09-01 17:30:11,929 - movie_review_logger - INFO - 27 페이지 완료...
2021-09-01 17:30:12,596 - movie_review_logger - INFO - 28 페이지 완료...
2021-09-01 17:30:13,223 - movie_review_logger - INFO - 29 페이지 완료...
2021-09-01 17:30:13,892 - movie_review_logger - INFO - 30 페이지 완료...
2021-09-01 17:30:14,693 - movie_review_logger - INFO - 31 페이지 완료...
2021-09-01 17:30:14,943 - movie_review_logger - INFO - 밥정 영화 리뷰 수집완료...
2021-09-01 17:30:15,858 - movie_review_logger - INFO - 그린 북 리뷰 수집 시작!
2021-09-01 17:30:16,655 - movie_review_logger - INFO - 1 페이지 완료...
2021-09-01 17:30:17,514 - movie_review_logger - INFO - 2 페이지 완료...
2021-09-01 17:30:18,196 - movie_review_logger - INFO - 3 페이지 완료...
2021-09-01 17:30:18,828 - movie_review_logger - INFO - 4 페이지 완료...
2021-09-01 17:30:19,511 - movie_review_logger - INFO - 5 페이지 완료...
2021-09-01 17:30:20,158 - movie_review_logger - INFO - 6 페이지 완료...
2021-09-01 17:30:20,828 - movie_review_logger - INFO - 7 페이지 완료...
2021-09-01 17:30:21,462 - movie_review_logger - INFO - 8 페이지 완료...
2021-09-01 17:30:22,149 - movie_review_logger - INFO - 9 페이지 완료...
2021-09-01 17:30:22,812 - movie_review_logger - INFO - 10 페이지 완료...
2021-09-01 17:30:23,451 - movie_review_logger - INFO - 11 페이지 완료...
2021-09-01 17:30:24,093 - movie_review_logger - INFO - 12 페이지 완료...
2021-09-01 17:30:24,813 - movie_review_logger - INFO - 13 페이지 완료...
2021-09-01 17:30:25,512 - movie_review_logger - INFO - 14 페이지 완료...
2021-09-01 17:30:26,165 - movie_review_logger - INFO - 15 페이지 완료...
2021-09-01 17:30:26,912 - movie_review_logger - INFO - 16 페이지 완료...
2021-09-01 17:30:27,595 - movie_review_logger - INFO - 17 페이지 완료...
2021-09-01 17:30:28,234 - movie_review_logger - INFO - 18 페이지 완료...
2021-09-01 17:30:28,999 - movie_review_logger - INFO - 19 페이지 완료...
2021-09-01 17:30:29,765 - movie_review_logger - INFO - 20 페이지 완료...
2021-09-01 17:30:30,512 - movie_review_logger - INFO - 21 페이지 완료...
2021-09-01 17:30:31,180 - movie_review_logger - INFO - 22 페이지 완료...
2021-09-01 17:30:31,869 - movie_review_logger - INFO - 23 페이지 완료...
2021-09-01 17:30:32,588 - movie_review_logger - INFO - 24 페이지 완료...
2021-09-01 17:30:33,228 - movie_review_logger - INFO - 25 페이지 완료...
2021-09-01 17:30:33,970 - movie_review_logger - INFO - 26 페이지 완료...
2021-09-01 17:30:34,714 - movie_review_logger - INFO - 27 페이지 완료...
2021-09-01 17:30:35,580 - movie_review_logger - INFO - 28 페이지 완료...
2021-09-01 17:30:36,240 - movie_review_logger - INFO - 29 페이지 완료...
2021-09-01 17:30:36,875 - movie_review_logger - INFO - 30 페이지 완료...
2021-09-01 17:30:37,530 - movie_review_logger - INFO - 31 페이지 완료...
2021-09-01 17:30:38,231 - movie_review_logger - INFO - 32 페이지 완료...
2021-09-01 17:30:38,932 - movie_review_logger - INFO - 33 페이지 완료...
2021-09-01 17:30:39,594 - movie_review_logger - INFO - 34 페이지 완료...
2021-09-01 17:30:40,265 - movie_review_logger - INFO - 35 페이지 완료...
2021-09-01 17:30:41,029 - movie_review_logger - INFO - 36 페이지 완료...
2021-09-01 17:30:41,843 - movie_review_logger - INFO - 37 페이지 완료...
2021-09-01 17:30:42,660 - movie_review_logger - INFO - 38 페이지 완료...
2021-09-01 17:30:43,383 - movie_review_logger - INFO - 39 페이지 완료...
2021-09-01 17:30:44,074 - movie_review_logger - INFO - 40 페이지 완료...
2021-09-01 17:30:44,778 - movie_review_logger - INFO - 41 페이지 완료...
2021-09-01 17:30:45,479 - movie_review_logger - INFO - 42 페이지 완료...
2021-09-01 17:30:46,197 - movie_review_logger - INFO - 43 페이지 완료...
2021-09-01 17:30:46,939 - movie_review_logger - INFO - 44 페이지 완료...
2021-09-01 17:30:47,749 - movie_review_logger - INFO - 45 페이지 완료...
2021-09-01 17:30:48,625 - movie_review_logger - INFO - 46 페이지 완료...
2021-09-01 17:30:49,380 - movie_review_logger - INFO - 47 페이지 완료...
2021-09-01 17:30:50,099 - movie_review_logger - INFO - 48 페이지 완료...
2021-09-01 17:30:50,878 - movie_review_logger - INFO - 49 페이지 완료...
2021-09-01 17:30:51,770 - movie_review_logger - INFO - 50 페이지 완료...
2021-09-01 17:30:52,629 - movie_review_logger - INFO - 51 페이지 완료...
2021-09-01 17:30:53,498 - movie_review_logger - INFO - 52 페이지 완료...
2021-09-01 17:30:54,340 - movie_review_logger - INFO - 53 페이지 완료...
2021-09-01 17:30:55,281 - movie_review_logger - INFO - 54 페이지 완료...
2021-09-01 17:30:56,135 - movie_review_logger - INFO - 55 페이지 완료...
2021-09-01 17:30:56,913 - movie_review_logger - INFO - 56 페이지 완료...
2021-09-01 17:30:57,587 - movie_review_logger - INFO - 그린 북 영화 리뷰 수집완료...
2021-09-03 10:47:37,040 - movie_review_logger - INFO - 가상 브라우저 실행...
2021-09-03 10:47:38,573 - movie_review_logger - INFO - 밥정 리뷰 수집 시작!
2021-09-03 10:47:39,286 - movie_review_logger - INFO - 1 페이지 완료...
2021-09-03 10:47:39,923 - movie_review_logger - INFO - 2 페이지 완료...
2021-09-03 10:47:40,560 - movie_review_logger - INFO - 3 페이지 완료...
2021-09-03 10:47:41,167 - movie_review_logger - INFO - 4 페이지 완료...
2021-09-03 10:47:41,720 - movie_review_logger - INFO - 5 페이지 완료...
2021-09-03 10:47:42,363 - movie_review_logger - INFO - 6 페이지 완료...
2021-09-03 10:47:42,945 - movie_review_logger - INFO - 7 페이지 완료...
2021-09-03 10:47:43,440 - movie_review_logger - INFO - 8 페이지 완료...
2021-09-03 10:47:44,003 - movie_review_logger - INFO - 9 페이지 완료...
2021-09-03 10:47:44,547 - movie_review_logger - INFO - 10 페이지 완료...
2021-09-03 10:47:45,095 - movie_review_logger - INFO - 밥정 영화 리뷰 수집완료...
