2021-09-07 16:46:51,079 - movie_review_logger - INFO - 밥정 리뷰 수집 시작!
2021-09-07 16:46:51,798 - movie_review_logger - INFO - 1 페이지 완료...
2021-09-07 16:46:52,429 - movie_review_logger - INFO - 2 페이지 완료...
2021-09-07 16:46:53,186 - movie_review_logger - INFO - 3 페이지 완료...
2021-09-07 16:46:53,778 - movie_review_logger - INFO - 4 페이지 완료...
2021-09-07 16:46:54,330 - movie_review_logger - INFO - 5 페이지 완료...
2021-09-07 16:46:54,968 - movie_review_logger - INFO - 6 페이지 완료...
2021-09-07 16:46:55,504 - movie_review_logger - INFO - 7 페이지 완료...
2021-09-07 16:46:56,012 - movie_review_logger - INFO - 8 페이지 완료...
2021-09-07 16:46:56,585 - movie_review_logger - INFO - 9 페이지 완료...
2021-09-07 16:46:57,164 - movie_review_logger - INFO - 10 페이지 완료...
2021-09-07 16:46:57,785 - movie_review_logger - INFO - 11 페이지 완료...
2021-09-07 16:46:58,447 - movie_review_logger - INFO - 12 페이지 완료...
2021-09-07 16:46:59,065 - movie_review_logger - INFO - 13 페이지 완료...
2021-09-07 16:46:59,840 - movie_review_logger - INFO - 14 페이지 완료...
2021-09-07 16:47:00,537 - movie_review_logger - INFO - 15 페이지 완료...
2021-09-07 16:47:01,246 - movie_review_logger - INFO - 16 페이지 완료...
2021-09-07 16:47:01,922 - movie_review_logger - INFO - 17 페이지 완료...
2021-09-07 16:47:02,657 - movie_review_logger - INFO - 18 페이지 완료...
2021-09-07 16:47:03,293 - movie_review_logger - INFO - 19 페이지 완료...
2021-09-07 16:47:03,971 - movie_review_logger - INFO - 20 페이지 완료...
2021-09-07 16:47:04,832 - movie_review_logger - INFO - 21 페이지 완료...
2021-09-07 16:47:05,552 - movie_review_logger - INFO - 22 페이지 완료...
2021-09-07 16:47:06,135 - movie_review_logger - INFO - 23 페이지 완료...
2021-09-07 16:47:06,781 - movie_review_logger - INFO - 24 페이지 완료...
2021-09-07 16:47:07,733 - movie_review_logger - INFO - 25 페이지 완료...
2021-09-07 16:47:08,493 - movie_review_logger - INFO - 26 페이지 완료...
2021-09-07 16:47:09,320 - movie_review_logger - INFO - 27 페이지 완료...
2021-09-07 16:47:10,067 - movie_review_logger - INFO - 28 페이지 완료...
2021-09-07 16:47:10,697 - movie_review_logger - INFO - 29 페이지 완료...
2021-09-07 16:47:11,399 - movie_review_logger - INFO - 30 페이지 완료...
2021-09-07 16:47:12,201 - movie_review_logger - INFO - 31 페이지 완료...
2021-09-07 16:47:12,471 - movie_review_logger - INFO - 밥정 영화 리뷰 수집완료...
2021-09-07 16:47:13,378 - movie_review_logger - INFO - 그린 북 리뷰 수집 시작!
2021-09-07 16:47:14,138 - movie_review_logger - INFO - 1 페이지 완료...
2021-09-07 16:47:15,017 - movie_review_logger - INFO - 2 페이지 완료...
2021-09-07 16:47:15,744 - movie_review_logger - INFO - 3 페이지 완료...
2021-09-07 16:47:16,466 - movie_review_logger - INFO - 4 페이지 완료...
2021-09-07 16:47:17,201 - movie_review_logger - INFO - 5 페이지 완료...
2021-09-07 16:47:17,936 - movie_review_logger - INFO - 6 페이지 완료...
2021-09-07 16:47:18,681 - movie_review_logger - INFO - 7 페이지 완료...
2021-09-07 16:47:19,342 - movie_review_logger - INFO - 8 페이지 완료...
2021-09-07 16:47:38,540 - movie_review_logger - INFO - 밥정 리뷰 수집 시작!
2021-09-07 16:47:39,264 - movie_review_logger - INFO - 1 페이지 완료...
2021-09-07 16:47:39,898 - movie_review_logger - INFO - 2 페이지 완료...
2021-09-07 16:47:40,518 - movie_review_logger - INFO - 3 페이지 완료...
2021-09-07 16:47:41,117 - movie_review_logger - INFO - 4 페이지 완료...
2021-09-07 16:47:41,729 - movie_review_logger - INFO - 5 페이지 완료...
2021-09-07 16:47:42,380 - movie_review_logger - INFO - 6 페이지 완료...
2021-09-07 16:47:43,004 - movie_review_logger - INFO - 7 페이지 완료...
2021-09-07 16:47:43,518 - movie_review_logger - INFO - 8 페이지 완료...
2021-09-07 16:47:44,139 - movie_review_logger - INFO - 9 페이지 완료...
2021-09-07 16:47:44,728 - movie_review_logger - INFO - 10 페이지 완료...
2021-09-07 16:47:45,343 - movie_review_logger - INFO - 11 페이지 완료...
2021-09-07 16:47:45,997 - movie_review_logger - INFO - 12 페이지 완료...
2021-09-07 16:47:46,595 - movie_review_logger - INFO - 13 페이지 완료...
2021-09-07 16:47:47,300 - movie_review_logger - INFO - 14 페이지 완료...
2021-09-07 16:47:48,015 - movie_review_logger - INFO - 15 페이지 완료...
2021-09-07 16:47:48,718 - movie_review_logger - INFO - 16 페이지 완료...
2021-09-07 16:47:49,366 - movie_review_logger - INFO - 17 페이지 완료...
2021-09-07 16:47:50,101 - movie_review_logger - INFO - 18 페이지 완료...
2021-09-07 16:47:50,728 - movie_review_logger - INFO - 19 페이지 완료...
2021-09-07 16:47:51,401 - movie_review_logger - INFO - 20 페이지 완료...
2021-09-07 16:47:52,174 - movie_review_logger - INFO - 21 페이지 완료...
2021-09-07 16:47:52,890 - movie_review_logger - INFO - 22 페이지 완료...
2021-09-07 16:47:53,512 - movie_review_logger - INFO - 23 페이지 완료...
2021-09-07 16:47:54,154 - movie_review_logger - INFO - 24 페이지 완료...
2021-09-07 16:47:54,900 - movie_review_logger - INFO - 25 페이지 완료...
2021-09-07 16:47:55,642 - movie_review_logger - INFO - 26 페이지 완료...
2021-09-07 16:47:56,335 - movie_review_logger - INFO - 27 페이지 완료...
2021-09-07 16:47:57,051 - movie_review_logger - INFO - 28 페이지 완료...
2021-09-07 16:47:57,729 - movie_review_logger - INFO - 29 페이지 완료...
2021-09-07 16:47:58,448 - movie_review_logger - INFO - 30 페이지 완료...
2021-09-07 16:47:59,313 - movie_review_logger - INFO - 31 페이지 완료...
2021-09-07 16:47:59,573 - movie_review_logger - INFO - 밥정 영화 리뷰 수집완료...
2021-09-07 16:48:00,384 - movie_review_logger - INFO - 그린 북 리뷰 수집 시작!
2021-09-07 16:48:01,131 - movie_review_logger - INFO - 1 페이지 완료...
2021-09-07 16:48:01,964 - movie_review_logger - INFO - 2 페이지 완료...
2021-09-07 16:48:02,695 - movie_review_logger - INFO - 3 페이지 완료...
2021-09-07 16:48:03,394 - movie_review_logger - INFO - 4 페이지 완료...
2021-09-07 16:48:04,135 - movie_review_logger - INFO - 5 페이지 완료...
2021-09-07 16:48:04,899 - movie_review_logger - INFO - 6 페이지 완료...
2021-09-07 16:48:05,633 - movie_review_logger - INFO - 7 페이지 완료...
2021-09-07 16:48:06,301 - movie_review_logger - INFO - 8 페이지 완료...
2021-09-07 16:48:07,113 - movie_review_logger - INFO - 9 페이지 완료...
2021-09-07 16:48:07,778 - movie_review_logger - INFO - 10 페이지 완료...
2021-09-07 16:48:08,433 - movie_review_logger - INFO - 11 페이지 완료...
2021-09-07 16:48:09,101 - movie_review_logger - INFO - 12 페이지 완료...
2021-09-07 16:48:09,808 - movie_review_logger - INFO - 13 페이지 완료...
2021-09-07 16:48:10,467 - movie_review_logger - INFO - 14 페이지 완료...
2021-09-07 16:48:11,231 - movie_review_logger - INFO - 15 페이지 완료...
2021-09-07 16:48:12,028 - movie_review_logger - INFO - 16 페이지 완료...
2021-09-07 16:48:12,756 - movie_review_logger - INFO - 17 페이지 완료...
2021-09-07 16:48:13,443 - movie_review_logger - INFO - 18 페이지 완료...
2021-09-07 16:48:14,235 - movie_review_logger - INFO - 19 페이지 완료...
2021-09-07 16:48:15,050 - movie_review_logger - INFO - 20 페이지 완료...
2021-09-07 16:48:15,927 - movie_review_logger - INFO - 21 페이지 완료...
2021-09-07 16:48:16,712 - movie_review_logger - INFO - 22 페이지 완료...
2021-09-07 16:48:17,428 - movie_review_logger - INFO - 23 페이지 완료...
2021-09-07 16:48:18,130 - movie_review_logger - INFO - 24 페이지 완료...
2021-09-07 16:48:18,863 - movie_review_logger - INFO - 25 페이지 완료...
2021-09-07 16:48:19,762 - movie_review_logger - INFO - 26 페이지 완료...
2021-09-07 16:48:20,596 - movie_review_logger - INFO - 27 페이지 완료...
2021-09-07 16:48:21,460 - movie_review_logger - INFO - 28 페이지 완료...
2021-09-07 16:48:22,227 - movie_review_logger - INFO - 29 페이지 완료...
2021-09-07 16:48:22,991 - movie_review_logger - INFO - 30 페이지 완료...
2021-09-07 16:48:23,831 - movie_review_logger - INFO - 31 페이지 완료...
2021-09-07 16:48:24,694 - movie_review_logger - INFO - 32 페이지 완료...
2021-09-07 16:48:25,528 - movie_review_logger - INFO - 33 페이지 완료...
2021-09-07 16:48:26,361 - movie_review_logger - INFO - 34 페이지 완료...
2021-09-07 16:48:27,201 - movie_review_logger - INFO - 35 페이지 완료...
2021-09-07 16:48:28,142 - movie_review_logger - INFO - 36 페이지 완료...
2021-09-07 16:48:29,144 - movie_review_logger - INFO - 37 페이지 완료...
2021-09-07 16:48:30,101 - movie_review_logger - INFO - 38 페이지 완료...
2021-09-07 16:48:30,897 - movie_review_logger - INFO - 39 페이지 완료...
2021-09-07 16:48:31,891 - movie_review_logger - INFO - 40 페이지 완료...
2021-09-07 16:48:32,758 - movie_review_logger - INFO - 41 페이지 완료...
2021-09-07 16:48:33,546 - movie_review_logger - INFO - 42 페이지 완료...
2021-09-07 16:48:34,317 - movie_review_logger - INFO - 43 페이지 완료...
2021-09-07 16:48:35,126 - movie_review_logger - INFO - 44 페이지 완료...
2021-09-07 16:48:36,113 - movie_review_logger - INFO - 45 페이지 완료...
2021-09-07 16:48:37,015 - movie_review_logger - INFO - 46 페이지 완료...
2021-09-07 16:48:37,940 - movie_review_logger - INFO - 47 페이지 완료...
2021-09-07 16:48:38,790 - movie_review_logger - INFO - 48 페이지 완료...
2021-09-07 16:48:39,749 - movie_review_logger - INFO - 49 페이지 완료...
2021-09-07 16:48:40,799 - movie_review_logger - INFO - 50 페이지 완료...
2021-09-07 16:48:41,884 - movie_review_logger - INFO - 51 페이지 완료...
2021-09-07 16:48:42,776 - movie_review_logger - INFO - 52 페이지 완료...
2021-09-07 16:48:43,626 - movie_review_logger - INFO - 53 페이지 완료...
2021-09-07 16:48:44,542 - movie_review_logger - INFO - 54 페이지 완료...
2021-09-07 16:48:45,677 - movie_review_logger - INFO - 55 페이지 완료...
2021-09-07 16:48:46,665 - movie_review_logger - INFO - 56 페이지 완료...
2021-09-07 16:48:47,630 - movie_review_logger - INFO - 57 페이지 완료...
2021-09-07 16:48:48,631 - movie_review_logger - INFO - 58 페이지 완료...
2021-09-07 16:48:49,776 - movie_review_logger - INFO - 59 페이지 완료...
2021-09-07 16:48:50,882 - movie_review_logger - INFO - 60 페이지 완료...
2021-09-07 16:48:51,985 - movie_review_logger - INFO - 61 페이지 완료...
2021-09-07 16:48:53,018 - movie_review_logger - INFO - 62 페이지 완료...
2021-09-07 16:48:54,124 - movie_review_logger - INFO - 63 페이지 완료...
2021-09-07 16:48:55,106 - movie_review_logger - INFO - 64 페이지 완료...
2021-09-07 16:48:56,199 - movie_review_logger - INFO - 65 페이지 완료...
2021-09-07 16:48:57,126 - movie_review_logger - INFO - 66 페이지 완료...
2021-09-07 16:48:58,094 - movie_review_logger - INFO - 67 페이지 완료...
2021-09-07 16:48:59,344 - movie_review_logger - INFO - 68 페이지 완료...
2021-09-07 16:49:00,212 - movie_review_logger - INFO - 69 페이지 완료...
2021-09-07 16:49:01,074 - movie_review_logger - INFO - 70 페이지 완료...
2021-09-07 16:49:01,924 - movie_review_logger - INFO - 71 페이지 완료...
2021-09-07 16:49:02,780 - movie_review_logger - INFO - 72 페이지 완료...
2021-09-07 16:49:03,665 - movie_review_logger - INFO - 73 페이지 완료...
2021-09-07 16:49:04,762 - movie_review_logger - INFO - 74 페이지 완료...
2021-09-07 16:49:05,754 - movie_review_logger - INFO - 75 페이지 완료...
2021-09-07 16:49:06,813 - movie_review_logger - INFO - 76 페이지 완료...
2021-09-07 16:49:07,829 - movie_review_logger - INFO - 77 페이지 완료...
2021-09-07 16:49:08,714 - movie_review_logger - INFO - 78 페이지 완료...
2021-09-07 16:49:09,615 - movie_review_logger - INFO - 79 페이지 완료...
2021-09-07 16:49:10,610 - movie_review_logger - INFO - 80 페이지 완료...
2021-09-07 16:49:11,625 - movie_review_logger - INFO - 81 페이지 완료...
2021-09-07 16:49:12,591 - movie_review_logger - INFO - 82 페이지 완료...
2021-09-07 16:49:13,527 - movie_review_logger - INFO - 83 페이지 완료...
2021-09-07 16:49:14,540 - movie_review_logger - INFO - 84 페이지 완료...
2021-09-07 16:49:15,498 - movie_review_logger - INFO - 85 페이지 완료...
2021-09-07 16:49:16,561 - movie_review_logger - INFO - 86 페이지 완료...
2021-09-07 16:49:17,879 - movie_review_logger - INFO - 87 페이지 완료...
2021-09-07 16:49:19,117 - movie_review_logger - INFO - 88 페이지 완료...
2021-09-07 16:49:20,198 - movie_review_logger - INFO - 89 페이지 완료...
2021-09-07 16:49:21,160 - movie_review_logger - INFO - 90 페이지 완료...
2021-09-07 16:49:22,124 - movie_review_logger - INFO - 91 페이지 완료...
2021-09-07 16:49:23,107 - movie_review_logger - INFO - 92 페이지 완료...
2021-09-07 16:49:24,096 - movie_review_logger - INFO - 93 페이지 완료...
2021-09-07 16:49:25,233 - movie_review_logger - INFO - 94 페이지 완료...
2021-09-07 16:49:26,321 - movie_review_logger - INFO - 95 페이지 완료...
2021-09-07 16:49:27,281 - movie_review_logger - INFO - 96 페이지 완료...
2021-09-07 16:49:28,386 - movie_review_logger - INFO - 97 페이지 완료...
2021-09-07 16:49:29,477 - movie_review_logger - INFO - 98 페이지 완료...
2021-09-07 16:49:30,458 - movie_review_logger - INFO - 99 페이지 완료...
2021-09-07 16:49:31,530 - movie_review_logger - INFO - 100 페이지 완료...
2021-09-07 16:49:32,513 - movie_review_logger - INFO - 101 페이지 완료...
2021-09-07 16:49:33,531 - movie_review_logger - INFO - 102 페이지 완료...
2021-09-07 16:49:34,628 - movie_review_logger - INFO - 103 페이지 완료...
2021-09-07 16:49:35,696 - movie_review_logger - INFO - 104 페이지 완료...
2021-09-07 16:49:36,742 - movie_review_logger - INFO - 105 페이지 완료...
2021-09-07 16:49:37,807 - movie_review_logger - INFO - 106 페이지 완료...
2021-09-07 16:49:38,826 - movie_review_logger - INFO - 107 페이지 완료...
2021-09-07 16:49:39,893 - movie_review_logger - INFO - 108 페이지 완료...
2021-09-07 16:49:40,948 - movie_review_logger - INFO - 109 페이지 완료...
2021-09-07 16:49:42,076 - movie_review_logger - INFO - 110 페이지 완료...
2021-09-07 16:49:43,265 - movie_review_logger - INFO - 111 페이지 완료...
2021-09-07 16:49:44,413 - movie_review_logger - INFO - 112 페이지 완료...
2021-09-07 16:49:45,703 - movie_review_logger - INFO - 113 페이지 완료...
2021-09-07 16:49:46,827 - movie_review_logger - INFO - 114 페이지 완료...
2021-09-07 16:49:47,945 - movie_review_logger - INFO - 115 페이지 완료...
2021-09-07 16:49:49,054 - movie_review_logger - INFO - 116 페이지 완료...
2021-09-07 16:49:50,142 - movie_review_logger - INFO - 117 페이지 완료...
2021-09-07 16:49:51,155 - movie_review_logger - INFO - 118 페이지 완료...
2021-09-07 16:49:52,308 - movie_review_logger - INFO - 119 페이지 완료...
2021-09-07 16:49:53,579 - movie_review_logger - INFO - 120 페이지 완료...
2021-09-07 16:49:54,727 - movie_review_logger - INFO - 121 페이지 완료...
2021-09-07 16:49:55,865 - movie_review_logger - INFO - 122 페이지 완료...
2021-09-07 16:49:56,963 - movie_review_logger - INFO - 123 페이지 완료...
2021-09-07 16:49:57,992 - movie_review_logger - INFO - 124 페이지 완료...
2021-09-07 16:49:59,078 - movie_review_logger - INFO - 125 페이지 완료...
2021-09-07 16:50:00,141 - movie_review_logger - INFO - 126 페이지 완료...
2021-09-07 16:50:01,341 - movie_review_logger - INFO - 127 페이지 완료...
2021-09-07 16:50:02,861 - movie_review_logger - INFO - 128 페이지 완료...
2021-09-07 16:50:04,138 - movie_review_logger - INFO - 129 페이지 완료...
2021-09-07 16:50:05,327 - movie_review_logger - INFO - 130 페이지 완료...
2021-09-07 16:50:06,439 - movie_review_logger - INFO - 131 페이지 완료...
2021-09-07 16:50:07,674 - movie_review_logger - INFO - 132 페이지 완료...
2021-09-07 16:50:08,903 - movie_review_logger - INFO - 133 페이지 완료...
2021-09-07 16:50:09,980 - movie_review_logger - INFO - 134 페이지 완료...
2021-09-07 16:50:11,178 - movie_review_logger - INFO - 135 페이지 완료...
2021-09-07 16:50:12,343 - movie_review_logger - INFO - 136 페이지 완료...
2021-09-07 16:50:13,427 - movie_review_logger - INFO - 137 페이지 완료...
2021-09-07 16:50:14,715 - movie_review_logger - INFO - 138 페이지 완료...
2021-09-07 16:50:16,041 - movie_review_logger - INFO - 139 페이지 완료...
2021-09-07 16:50:17,360 - movie_review_logger - INFO - 140 페이지 완료...
2021-09-07 16:50:18,504 - movie_review_logger - INFO - 141 페이지 완료...
2021-09-07 16:50:19,986 - movie_review_logger - INFO - 142 페이지 완료...
2021-09-07 16:50:21,211 - movie_review_logger - INFO - 143 페이지 완료...
2021-09-07 16:50:45,364 - movie_review_logger - INFO - 밥정 리뷰 수집 시작!
2021-09-07 16:50:46,072 - movie_review_logger - INFO - 1 페이지 완료...
2021-09-07 16:50:46,687 - movie_review_logger - INFO - 2 페이지 완료...
2021-09-07 16:50:47,325 - movie_review_logger - INFO - 3 페이지 완료...
2021-09-07 16:50:47,885 - movie_review_logger - INFO - 4 페이지 완료...
2021-09-07 16:50:48,454 - movie_review_logger - INFO - 5 페이지 완료...
2021-09-07 16:50:49,179 - movie_review_logger - INFO - 6 페이지 완료...
2021-09-07 16:50:49,877 - movie_review_logger - INFO - 7 페이지 완료...
2021-09-07 16:50:50,462 - movie_review_logger - INFO - 8 페이지 완료...
2021-09-07 16:50:51,063 - movie_review_logger - INFO - 9 페이지 완료...
2021-09-07 16:50:51,617 - movie_review_logger - INFO - 10 페이지 완료...
2021-09-07 16:50:52,291 - movie_review_logger - INFO - 11 페이지 완료...
2021-09-07 16:50:53,028 - movie_review_logger - INFO - 12 페이지 완료...
2021-09-07 16:50:53,623 - movie_review_logger - INFO - 13 페이지 완료...
2021-09-07 16:50:54,435 - movie_review_logger - INFO - 14 페이지 완료...
2021-09-07 16:50:55,180 - movie_review_logger - INFO - 15 페이지 완료...
2021-09-07 16:50:55,909 - movie_review_logger - INFO - 16 페이지 완료...
2021-09-07 16:50:56,574 - movie_review_logger - INFO - 17 페이지 완료...
2021-09-07 16:50:57,291 - movie_review_logger - INFO - 18 페이지 완료...
2021-09-07 16:50:57,973 - movie_review_logger - INFO - 19 페이지 완료...
2021-09-07 16:50:58,653 - movie_review_logger - INFO - 20 페이지 완료...
2021-09-07 16:50:59,525 - movie_review_logger - INFO - 21 페이지 완료...
2021-09-07 16:51:00,420 - movie_review_logger - INFO - 22 페이지 완료...
2021-09-07 16:51:01,062 - movie_review_logger - INFO - 23 페이지 완료...
2021-09-07 16:51:01,709 - movie_review_logger - INFO - 24 페이지 완료...
2021-09-07 16:51:02,476 - movie_review_logger - INFO - 25 페이지 완료...
2021-09-07 16:51:03,258 - movie_review_logger - INFO - 26 페이지 완료...
2021-09-07 16:51:03,988 - movie_review_logger - INFO - 27 페이지 완료...
2021-09-07 16:51:04,704 - movie_review_logger - INFO - 28 페이지 완료...
2021-09-07 16:51:05,375 - movie_review_logger - INFO - 29 페이지 완료...
2021-09-07 16:51:06,128 - movie_review_logger - INFO - 30 페이지 완료...
2021-09-07 16:51:07,105 - movie_review_logger - INFO - 31 페이지 완료...
2021-09-07 16:51:07,450 - movie_review_logger - INFO - 밥정 영화 리뷰 수집완료...
2021-09-07 16:51:08,454 - movie_review_logger - INFO - 그린 북 리뷰 수집 시작!
2021-09-07 16:51:09,229 - movie_review_logger - INFO - 1 페이지 완료...
2021-09-07 16:51:10,112 - movie_review_logger - INFO - 2 페이지 완료...
2021-09-07 16:51:10,906 - movie_review_logger - INFO - 3 페이지 완료...
2021-09-07 16:51:11,573 - movie_review_logger - INFO - 4 페이지 완료...
2021-09-07 16:51:12,324 - movie_review_logger - INFO - 5 페이지 완료...
2021-09-07 16:51:13,037 - movie_review_logger - INFO - 6 페이지 완료...
2021-09-07 16:51:13,717 - movie_review_logger - INFO - 7 페이지 완료...
2021-09-07 16:51:14,352 - movie_review_logger - INFO - 8 페이지 완료...
2021-09-07 16:51:15,065 - movie_review_logger - INFO - 그린 북 영화 리뷰 수집완료...
2021-09-07 16:51:26,534 - movie_review_logger - INFO - 밥정 리뷰 수집 시작!
2021-09-07 16:51:27,258 - movie_review_logger - INFO - 1 페이지 완료...
2021-09-07 16:51:27,874 - movie_review_logger - INFO - 2 페이지 완료...
2021-09-07 16:51:28,504 - movie_review_logger - INFO - 3 페이지 완료...
2021-09-07 16:51:29,110 - movie_review_logger - INFO - 4 페이지 완료...
2021-09-07 16:51:29,693 - movie_review_logger - INFO - 5 페이지 완료...
2021-09-07 16:51:30,336 - movie_review_logger - INFO - 6 페이지 완료...
2021-09-07 16:51:30,894 - movie_review_logger - INFO - 7 페이지 완료...
2021-09-07 16:51:31,409 - movie_review_logger - INFO - 8 페이지 완료...
2021-09-07 16:51:32,010 - movie_review_logger - INFO - 9 페이지 완료...
2021-09-07 16:51:32,587 - movie_review_logger - INFO - 10 페이지 완료...
2021-09-07 16:51:33,214 - movie_review_logger - INFO - 11 페이지 완료...
2021-09-07 16:51:34,166 - movie_review_logger - INFO - 12 페이지 완료...
2021-09-07 16:51:34,754 - movie_review_logger - INFO - 13 페이지 완료...
2021-09-07 16:51:35,415 - movie_review_logger - INFO - 14 페이지 완료...
2021-09-07 16:51:36,143 - movie_review_logger - INFO - 15 페이지 완료...
2021-09-07 16:51:36,865 - movie_review_logger - INFO - 16 페이지 완료...
2021-09-07 16:51:37,507 - movie_review_logger - INFO - 17 페이지 완료...
2021-09-07 16:51:38,193 - movie_review_logger - INFO - 18 페이지 완료...
2021-09-07 16:51:38,819 - movie_review_logger - INFO - 19 페이지 완료...
2021-09-07 16:51:39,493 - movie_review_logger - INFO - 20 페이지 완료...
2021-09-07 16:51:40,515 - movie_review_logger - INFO - 21 페이지 완료...
2021-09-07 16:51:41,232 - movie_review_logger - INFO - 22 페이지 완료...
2021-09-07 16:51:41,832 - movie_review_logger - INFO - 23 페이지 완료...
2021-09-07 16:51:42,484 - movie_review_logger - INFO - 24 페이지 완료...
2021-09-07 16:51:43,224 - movie_review_logger - INFO - 25 페이지 완료...
2021-09-07 16:51:43,976 - movie_review_logger - INFO - 26 페이지 완료...
2021-09-07 16:51:44,659 - movie_review_logger - INFO - 27 페이지 완료...
2021-09-07 16:51:45,373 - movie_review_logger - INFO - 28 페이지 완료...
2021-09-07 16:51:46,031 - movie_review_logger - INFO - 29 페이지 완료...
2021-09-07 16:51:46,786 - movie_review_logger - INFO - 30 페이지 완료...
2021-09-07 16:51:47,639 - movie_review_logger - INFO - 31 페이지 완료...
2021-09-07 16:51:47,904 - movie_review_logger - INFO - 밥정 영화 리뷰 수집완료...
2021-09-07 16:51:48,857 - movie_review_logger - INFO - 그린 북 리뷰 수집 시작!
2021-09-07 16:51:49,610 - movie_review_logger - INFO - 1 페이지 완료...
2021-09-07 16:51:50,441 - movie_review_logger - INFO - 2 페이지 완료...
2021-09-07 16:51:51,116 - movie_review_logger - INFO - 3 페이지 완료...
2021-09-07 16:51:51,821 - movie_review_logger - INFO - 4 페이지 완료...
2021-09-07 16:51:52,680 - movie_review_logger - INFO - 5 페이지 완료...
2021-09-07 16:51:53,443 - movie_review_logger - INFO - 6 페이지 완료...
2021-09-07 16:51:54,217 - movie_review_logger - INFO - 7 페이지 완료...
2021-09-07 16:51:54,879 - movie_review_logger - INFO - 8 페이지 완료...
2021-09-07 16:51:55,700 - movie_review_logger - INFO - 9 페이지 완료...
2021-09-07 16:51:56,388 - movie_review_logger - INFO - 10 페이지 완료...
2021-09-07 16:51:57,058 - movie_review_logger - INFO - 11 페이지 완료...
2021-09-07 16:51:57,741 - movie_review_logger - INFO - 12 페이지 완료...
2021-09-07 16:51:58,517 - movie_review_logger - INFO - 13 페이지 완료...
2021-09-07 16:51:59,219 - movie_review_logger - INFO - 14 페이지 완료...
2021-09-07 16:52:00,018 - movie_review_logger - INFO - 15 페이지 완료...
2021-09-07 16:52:00,836 - movie_review_logger - INFO - 16 페이지 완료...
2021-09-07 16:52:01,566 - movie_review_logger - INFO - 17 페이지 완료...
2021-09-07 16:52:02,270 - movie_review_logger - INFO - 18 페이지 완료...
2021-09-07 16:52:03,088 - movie_review_logger - INFO - 19 페이지 완료...
2021-09-07 16:52:03,901 - movie_review_logger - INFO - 20 페이지 완료...
2021-09-07 16:52:04,633 - movie_review_logger - INFO - 21 페이지 완료...
2021-09-07 16:52:05,316 - movie_review_logger - INFO - 22 페이지 완료...
2021-09-07 16:52:06,039 - movie_review_logger - INFO - 23 페이지 완료...
2021-09-07 16:52:06,751 - movie_review_logger - INFO - 24 페이지 완료...
2021-09-07 16:52:07,448 - movie_review_logger - INFO - 25 페이지 완료...
2021-09-07 16:52:08,250 - movie_review_logger - INFO - 26 페이지 완료...
2021-09-07 16:52:09,069 - movie_review_logger - INFO - 27 페이지 완료...
2021-09-07 16:52:09,851 - movie_review_logger - INFO - 28 페이지 완료...
2021-09-07 16:52:10,601 - movie_review_logger - INFO - 29 페이지 완료...
2021-09-07 16:52:11,338 - movie_review_logger - INFO - 30 페이지 완료...
2021-09-07 16:52:12,092 - movie_review_logger - INFO - 31 페이지 완료...
2021-09-07 16:52:12,957 - movie_review_logger - INFO - 32 페이지 완료...
2021-09-07 16:52:13,941 - movie_review_logger - INFO - 33 페이지 완료...
2021-09-07 16:52:14,718 - movie_review_logger - INFO - 34 페이지 완료...
2021-09-07 16:52:15,482 - movie_review_logger - INFO - 35 페이지 완료...
2021-09-07 16:52:16,340 - movie_review_logger - INFO - 36 페이지 완료...
2021-09-07 16:52:17,233 - movie_review_logger - INFO - 37 페이지 완료...
2021-09-07 16:52:18,100 - movie_review_logger - INFO - 38 페이지 완료...
2021-09-07 16:52:18,797 - movie_review_logger - INFO - 39 페이지 완료...
2021-09-07 16:52:19,574 - movie_review_logger - INFO - 40 페이지 완료...
2021-09-07 16:52:20,315 - movie_review_logger - INFO - 41 페이지 완료...
2021-09-07 16:52:21,073 - movie_review_logger - INFO - 42 페이지 완료...
2021-09-07 16:52:21,822 - movie_review_logger - INFO - 43 페이지 완료...
2021-09-07 16:52:22,584 - movie_review_logger - INFO - 44 페이지 완료...
2021-09-07 16:52:23,510 - movie_review_logger - INFO - 45 페이지 완료...
2021-09-07 16:52:24,350 - movie_review_logger - INFO - 46 페이지 완료...
2021-09-07 16:52:25,187 - movie_review_logger - INFO - 47 페이지 완료...
2021-09-07 16:52:25,997 - movie_review_logger - INFO - 48 페이지 완료...
2021-09-07 16:52:26,708 - movie_review_logger - INFO - 49 페이지 완료...
2021-09-07 16:52:27,569 - movie_review_logger - INFO - 50 페이지 완료...
2021-09-07 16:52:28,557 - movie_review_logger - INFO - 51 페이지 완료...
2021-09-07 16:52:29,394 - movie_review_logger - INFO - 52 페이지 완료...
2021-09-07 16:52:30,199 - movie_review_logger - INFO - 53 페이지 완료...
2021-09-07 16:52:31,057 - movie_review_logger - INFO - 54 페이지 완료...
2021-09-07 16:52:32,104 - movie_review_logger - INFO - 55 페이지 완료...
2021-09-07 16:52:33,084 - movie_review_logger - INFO - 56 페이지 완료...
2021-09-07 16:52:34,162 - movie_review_logger - INFO - 57 페이지 완료...
2021-09-07 16:52:35,152 - movie_review_logger - INFO - 58 페이지 완료...
2021-09-07 16:52:36,141 - movie_review_logger - INFO - 59 페이지 완료...
2021-09-07 16:52:37,099 - movie_review_logger - INFO - 60 페이지 완료...
2021-09-07 16:52:38,176 - movie_review_logger - INFO - 61 페이지 완료...
2021-09-07 16:52:39,197 - movie_review_logger - INFO - 62 페이지 완료...
2021-09-07 16:52:40,137 - movie_review_logger - INFO - 63 페이지 완료...
2021-09-07 16:52:40,979 - movie_review_logger - INFO - 64 페이지 완료...
2021-09-07 16:52:41,908 - movie_review_logger - INFO - 65 페이지 완료...
2021-09-07 16:52:42,846 - movie_review_logger - INFO - 66 페이지 완료...
2021-09-07 16:52:43,737 - movie_review_logger - INFO - 67 페이지 완료...
2021-09-07 16:52:44,723 - movie_review_logger - INFO - 68 페이지 완료...
2021-09-07 16:52:45,623 - movie_review_logger - INFO - 69 페이지 완료...
2021-09-07 16:52:46,465 - movie_review_logger - INFO - 70 페이지 완료...
2021-09-07 16:52:47,296 - movie_review_logger - INFO - 71 페이지 완료...
2021-09-07 16:52:48,133 - movie_review_logger - INFO - 72 페이지 완료...
2021-09-07 16:52:48,957 - movie_review_logger - INFO - 73 페이지 완료...
2021-09-07 16:52:50,022 - movie_review_logger - INFO - 74 페이지 완료...
2021-09-07 16:52:50,974 - movie_review_logger - INFO - 75 페이지 완료...
2021-09-07 16:52:52,030 - movie_review_logger - INFO - 76 페이지 완료...
2021-09-07 16:52:53,022 - movie_review_logger - INFO - 77 페이지 완료...
2021-09-07 16:52:53,936 - movie_review_logger - INFO - 78 페이지 완료...
2021-09-07 16:52:54,781 - movie_review_logger - INFO - 79 페이지 완료...
2021-09-07 16:52:55,931 - movie_review_logger - INFO - 80 페이지 완료...
2021-09-07 16:52:56,790 - movie_review_logger - INFO - 81 페이지 완료...
2021-09-07 16:52:57,714 - movie_review_logger - INFO - 82 페이지 완료...
2021-09-07 16:52:58,583 - movie_review_logger - INFO - 83 페이지 완료...
2021-09-07 16:52:59,502 - movie_review_logger - INFO - 84 페이지 완료...
2021-09-07 16:53:00,339 - movie_review_logger - INFO - 85 페이지 완료...
2021-09-07 16:53:01,289 - movie_review_logger - INFO - 86 페이지 완료...
2021-09-07 16:53:05,598 - movie_review_logger - INFO - 밥정 리뷰 수집 시작!
2021-09-07 16:53:06,321 - movie_review_logger - INFO - 1 페이지 완료...
2021-09-07 16:53:06,966 - movie_review_logger - INFO - 2 페이지 완료...
2021-09-07 16:53:07,606 - movie_review_logger - INFO - 3 페이지 완료...
2021-09-07 16:53:08,205 - movie_review_logger - INFO - 4 페이지 완료...
2021-09-07 16:53:08,782 - movie_review_logger - INFO - 5 페이지 완료...
2021-09-07 16:53:09,421 - movie_review_logger - INFO - 6 페이지 완료...
2021-09-07 16:53:09,996 - movie_review_logger - INFO - 7 페이지 완료...
2021-09-07 16:53:10,499 - movie_review_logger - INFO - 8 페이지 완료...
2021-09-07 16:53:11,390 - movie_review_logger - INFO - 9 페이지 완료...
2021-09-07 16:53:11,916 - movie_review_logger - INFO - 10 페이지 완료...
2021-09-07 16:53:12,552 - movie_review_logger - INFO - 11 페이지 완료...
2021-09-07 16:53:13,234 - movie_review_logger - INFO - 12 페이지 완료...
2021-09-07 16:53:13,861 - movie_review_logger - INFO - 13 페이지 완료...
2021-09-07 16:53:14,523 - movie_review_logger - INFO - 14 페이지 완료...
2021-09-07 16:53:15,263 - movie_review_logger - INFO - 15 페이지 완료...
2021-09-07 16:53:15,971 - movie_review_logger - INFO - 16 페이지 완료...
2021-09-07 16:53:16,618 - movie_review_logger - INFO - 17 페이지 완료...
2021-09-07 16:53:17,339 - movie_review_logger - INFO - 18 페이지 완료...
2021-09-07 16:53:17,968 - movie_review_logger - INFO - 19 페이지 완료...
2021-09-07 16:53:18,668 - movie_review_logger - INFO - 20 페이지 완료...
2021-09-07 16:53:19,435 - movie_review_logger - INFO - 21 페이지 완료...
2021-09-07 16:53:20,168 - movie_review_logger - INFO - 22 페이지 완료...
2021-09-07 16:53:20,761 - movie_review_logger - INFO - 23 페이지 완료...
2021-09-07 16:53:21,371 - movie_review_logger - INFO - 24 페이지 완료...
2021-09-07 16:53:22,132 - movie_review_logger - INFO - 25 페이지 완료...
2021-09-07 16:53:22,896 - movie_review_logger - INFO - 26 페이지 완료...
2021-09-07 16:53:23,600 - movie_review_logger - INFO - 27 페이지 완료...
2021-09-07 16:53:24,331 - movie_review_logger - INFO - 28 페이지 완료...
2021-09-07 16:53:24,987 - movie_review_logger - INFO - 29 페이지 완료...
2021-09-07 16:53:25,749 - movie_review_logger - INFO - 30 페이지 완료...
2021-09-07 16:53:26,619 - movie_review_logger - INFO - 31 페이지 완료...
2021-09-07 16:53:26,898 - movie_review_logger - INFO - 밥정 영화 리뷰 수집완료...
2021-09-07 16:53:28,133 - movie_review_logger - INFO - 그린 북 리뷰 수집 시작!
2021-09-07 16:53:28,935 - movie_review_logger - INFO - 1 페이지 완료...
2021-09-07 16:53:29,720 - movie_review_logger - INFO - 2 페이지 완료...
2021-09-07 16:53:30,429 - movie_review_logger - INFO - 3 페이지 완료...
2021-09-07 16:53:31,097 - movie_review_logger - INFO - 4 페이지 완료...
2021-09-07 16:53:31,770 - movie_review_logger - INFO - 5 페이지 완료...
2021-09-07 16:53:32,462 - movie_review_logger - INFO - 6 페이지 완료...
2021-09-07 16:53:33,138 - movie_review_logger - INFO - 7 페이지 완료...
2021-09-07 16:53:33,765 - movie_review_logger - INFO - 8 페이지 완료...
2021-09-07 16:53:34,496 - movie_review_logger - INFO - 9 페이지 완료...
2021-09-07 16:53:35,077 - movie_review_logger - INFO - 10 페이지 완료...
2021-09-07 16:53:35,661 - movie_review_logger - INFO - 11 페이지 완료...
2021-09-07 16:53:36,269 - movie_review_logger - INFO - 12 페이지 완료...
2021-09-07 16:53:37,014 - movie_review_logger - INFO - 13 페이지 완료...
2021-09-07 16:53:37,589 - movie_review_logger - INFO - 14 페이지 완료...
2021-09-07 16:53:38,507 - movie_review_logger - INFO - 15 페이지 완료...
2021-09-07 16:53:39,424 - movie_review_logger - INFO - 16 페이지 완료...
2021-09-07 16:53:40,016 - movie_review_logger - INFO - 17 페이지 완료...
2021-09-07 16:53:40,585 - movie_review_logger - INFO - 18 페이지 완료...
2021-09-07 16:53:41,246 - movie_review_logger - INFO - 19 페이지 완료...
2021-09-07 16:53:41,909 - movie_review_logger - INFO - 20 페이지 완료...
2021-09-07 16:53:42,515 - movie_review_logger - INFO - 21 페이지 완료...
2021-09-07 16:53:43,115 - movie_review_logger - INFO - 22 페이지 완료...
2021-09-07 16:53:43,697 - movie_review_logger - INFO - 23 페이지 완료...
2021-09-07 16:53:44,287 - movie_review_logger - INFO - 24 페이지 완료...
2021-09-07 16:53:44,885 - movie_review_logger - INFO - 25 페이지 완료...
2021-09-07 16:53:45,571 - movie_review_logger - INFO - 26 페이지 완료...
2021-09-07 16:53:46,271 - movie_review_logger - INFO - 27 페이지 완료...
2021-09-07 16:53:46,938 - movie_review_logger - INFO - 28 페이지 완료...
2021-09-07 16:53:47,763 - movie_review_logger - INFO - 29 페이지 완료...
2021-09-07 16:53:48,404 - movie_review_logger - INFO - 30 페이지 완료...
2021-09-07 16:53:49,036 - movie_review_logger - INFO - 31 페이지 완료...
2021-09-07 16:53:49,761 - movie_review_logger - INFO - 32 페이지 완료...
2021-09-07 16:53:50,470 - movie_review_logger - INFO - 33 페이지 완료...
2021-09-07 16:53:51,222 - movie_review_logger - INFO - 34 페이지 완료...
2021-09-07 16:53:51,916 - movie_review_logger - INFO - 35 페이지 완료...
2021-09-07 16:53:52,649 - movie_review_logger - INFO - 36 페이지 완료...
2021-09-07 16:53:53,478 - movie_review_logger - INFO - 37 페이지 완료...
2021-09-07 16:53:54,281 - movie_review_logger - INFO - 38 페이지 완료...
2021-09-07 16:53:54,930 - movie_review_logger - INFO - 39 페이지 완료...
2021-09-07 16:53:55,671 - movie_review_logger - INFO - 40 페이지 완료...
2021-09-07 16:53:56,976 - movie_review_logger - INFO - 41 페이지 완료...
2021-09-07 16:53:57,637 - movie_review_logger - INFO - 42 페이지 완료...
2021-09-07 16:53:58,313 - movie_review_logger - INFO - 43 페이지 완료...
2021-09-07 16:53:59,010 - movie_review_logger - INFO - 44 페이지 완료...
2021-09-07 16:53:59,854 - movie_review_logger - INFO - 45 페이지 완료...
2021-09-07 16:54:00,635 - movie_review_logger - INFO - 46 페이지 완료...
2021-09-07 16:54:01,430 - movie_review_logger - INFO - 47 페이지 완료...
2021-09-07 16:54:02,169 - movie_review_logger - INFO - 48 페이지 완료...
2021-09-07 16:54:02,866 - movie_review_logger - INFO - 49 페이지 완료...
2021-09-07 16:54:03,703 - movie_review_logger - INFO - 50 페이지 완료...
2021-09-07 16:54:04,587 - movie_review_logger - INFO - 51 페이지 완료...
2021-09-07 16:54:05,345 - movie_review_logger - INFO - 52 페이지 완료...
2021-09-07 16:54:06,066 - movie_review_logger - INFO - 53 페이지 완료...
2021-09-07 16:54:06,779 - movie_review_logger - INFO - 54 페이지 완료...
2021-09-07 16:54:07,630 - movie_review_logger - INFO - 55 페이지 완료...
2021-09-07 16:54:08,418 - movie_review_logger - INFO - 56 페이지 완료...
2021-09-07 16:54:09,211 - movie_review_logger - INFO - 57 페이지 완료...
2021-09-07 16:54:09,996 - movie_review_logger - INFO - 58 페이지 완료...
2021-09-07 16:54:10,834 - movie_review_logger - INFO - 59 페이지 완료...
2021-09-07 16:54:11,621 - movie_review_logger - INFO - 60 페이지 완료...
2021-09-07 16:54:12,488 - movie_review_logger - INFO - 61 페이지 완료...
2021-09-07 16:54:13,313 - movie_review_logger - INFO - 62 페이지 완료...
2021-09-07 16:54:14,047 - movie_review_logger - INFO - 63 페이지 완료...
2021-09-07 16:54:14,761 - movie_review_logger - INFO - 64 페이지 완료...
2021-09-07 16:54:15,545 - movie_review_logger - INFO - 65 페이지 완료...
2021-09-07 16:54:16,287 - movie_review_logger - INFO - 66 페이지 완료...
2021-09-07 16:54:17,116 - movie_review_logger - INFO - 67 페이지 완료...
2021-09-07 16:54:18,066 - movie_review_logger - INFO - 68 페이지 완료...
2021-09-07 16:54:18,845 - movie_review_logger - INFO - 69 페이지 완료...
2021-09-07 16:54:19,611 - movie_review_logger - INFO - 70 페이지 완료...
2021-09-07 16:54:20,393 - movie_review_logger - INFO - 71 페이지 완료...
2021-09-07 16:54:21,160 - movie_review_logger - INFO - 72 페이지 완료...
2021-09-07 16:54:21,932 - movie_review_logger - INFO - 73 페이지 완료...
2021-09-07 16:54:22,898 - movie_review_logger - INFO - 74 페이지 완료...
2021-09-07 16:54:23,766 - movie_review_logger - INFO - 75 페이지 완료...
2021-09-07 16:54:24,738 - movie_review_logger - INFO - 76 페이지 완료...
2021-09-07 16:54:25,602 - movie_review_logger - INFO - 77 페이지 완료...
2021-09-07 16:54:26,399 - movie_review_logger - INFO - 78 페이지 완료...
2021-09-07 16:54:27,217 - movie_review_logger - INFO - 79 페이지 완료...
2021-09-07 16:54:28,034 - movie_review_logger - INFO - 80 페이지 완료...
2021-09-07 16:54:28,779 - movie_review_logger - INFO - 81 페이지 완료...
2021-09-07 16:54:29,503 - movie_review_logger - INFO - 82 페이지 완료...
2021-09-07 16:54:30,227 - movie_review_logger - INFO - 83 페이지 완료...
2021-09-07 16:54:30,982 - movie_review_logger - INFO - 84 페이지 완료...
2021-09-07 16:54:31,713 - movie_review_logger - INFO - 85 페이지 완료...
2021-09-07 16:54:32,601 - movie_review_logger - INFO - 86 페이지 완료...
2021-09-07 16:54:33,483 - movie_review_logger - INFO - 87 페이지 완료...
2021-09-07 16:54:34,394 - movie_review_logger - INFO - 88 페이지 완료...
2021-09-07 16:54:35,225 - movie_review_logger - INFO - 89 페이지 완료...
2021-09-07 16:54:36,021 - movie_review_logger - INFO - 90 페이지 완료...
2021-09-07 16:54:36,767 - movie_review_logger - INFO - 91 페이지 완료...
2021-09-07 16:54:37,503 - movie_review_logger - INFO - 92 페이지 완료...
2021-09-07 16:54:38,299 - movie_review_logger - INFO - 93 페이지 완료...
2021-09-07 16:54:39,435 - movie_review_logger - INFO - 94 페이지 완료...
2021-09-07 16:54:40,264 - movie_review_logger - INFO - 95 페이지 완료...
2021-09-07 16:54:41,068 - movie_review_logger - INFO - 96 페이지 완료...
2021-09-07 16:54:41,843 - movie_review_logger - INFO - 97 페이지 완료...
2021-09-07 16:54:42,644 - movie_review_logger - INFO - 98 페이지 완료...
2021-09-07 16:54:43,443 - movie_review_logger - INFO - 99 페이지 완료...
2021-09-07 16:54:44,278 - movie_review_logger - INFO - 100 페이지 완료...
2021-09-07 16:54:45,098 - movie_review_logger - INFO - 101 페이지 완료...
2021-09-07 16:54:45,912 - movie_review_logger - INFO - 102 페이지 완료...
2021-09-07 16:54:46,666 - movie_review_logger - INFO - 그린 북 영화 리뷰 수집완료...
2021-09-07 17:12:08,161 - movie_review_logger - INFO - 밥정 리뷰 수집 시작!
2021-09-07 17:12:08,887 - movie_review_logger - INFO - 1 페이지 완료...
2021-09-07 17:12:09,510 - movie_review_logger - INFO - 2 페이지 완료...
2021-09-07 17:12:10,147 - movie_review_logger - INFO - 3 페이지 완료...
2021-09-07 17:12:10,710 - movie_review_logger - INFO - 4 페이지 완료...
2021-09-07 17:12:11,306 - movie_review_logger - INFO - 5 페이지 완료...
2021-09-07 17:12:11,918 - movie_review_logger - INFO - 6 페이지 완료...
2021-09-07 17:12:12,485 - movie_review_logger - INFO - 7 페이지 완료...
2021-09-07 17:12:12,961 - movie_review_logger - INFO - 8 페이지 완료...
2021-09-07 17:12:13,768 - movie_review_logger - INFO - 9 페이지 완료...
2021-09-07 17:12:14,275 - movie_review_logger - INFO - 10 페이지 완료...
2021-09-07 17:12:14,884 - movie_review_logger - INFO - 11 페이지 완료...
2021-09-07 17:12:15,584 - movie_review_logger - INFO - 12 페이지 완료...
2021-09-07 17:12:16,315 - movie_review_logger - INFO - 13 페이지 완료...
2021-09-07 17:12:17,088 - movie_review_logger - INFO - 14 페이지 완료...
2021-09-07 17:12:17,856 - movie_review_logger - INFO - 15 페이지 완료...
2021-09-07 17:12:18,656 - movie_review_logger - INFO - 16 페이지 완료...
2021-09-07 17:12:19,303 - movie_review_logger - INFO - 17 페이지 완료...
2021-09-07 17:12:20,001 - movie_review_logger - INFO - 18 페이지 완료...
2021-09-07 17:12:20,636 - movie_review_logger - INFO - 19 페이지 완료...
2021-09-07 17:12:21,356 - movie_review_logger - INFO - 20 페이지 완료...
2021-09-07 17:12:22,116 - movie_review_logger - INFO - 21 페이지 완료...
2021-09-07 17:12:22,858 - movie_review_logger - INFO - 22 페이지 완료...
2021-09-07 17:12:23,519 - movie_review_logger - INFO - 23 페이지 완료...
2021-09-07 17:12:24,192 - movie_review_logger - INFO - 24 페이지 완료...
2021-09-07 17:12:24,970 - movie_review_logger - INFO - 25 페이지 완료...
2021-09-07 17:12:25,707 - movie_review_logger - INFO - 26 페이지 완료...
2021-09-07 17:12:26,436 - movie_review_logger - INFO - 27 페이지 완료...
2021-09-07 17:12:27,174 - movie_review_logger - INFO - 28 페이지 완료...
2021-09-07 17:12:27,858 - movie_review_logger - INFO - 29 페이지 완료...
2021-09-07 17:12:28,621 - movie_review_logger - INFO - 30 페이지 완료...
2021-09-07 17:12:29,571 - movie_review_logger - INFO - 31 페이지 완료...
2021-09-07 17:12:29,913 - movie_review_logger - INFO - 밥정 영화 리뷰 수집완료...
2021-09-07 17:12:30,848 - movie_review_logger - INFO - 그린 북 리뷰 수집 시작!
2021-09-07 17:12:31,726 - movie_review_logger - INFO - 1 페이지 완료...
2021-09-07 17:12:32,527 - movie_review_logger - INFO - 2 페이지 완료...
2021-09-07 17:12:33,146 - movie_review_logger - INFO - 그린 북 영화 리뷰 수집완료...
2021-09-07 17:12:43,004 - movie_review_logger - INFO - 가상 브라우저 실행...
2021-09-07 17:12:44,281 - movie_review_logger - INFO - 밥정 리뷰 수집 시작!
2021-09-07 17:12:44,999 - movie_review_logger - INFO - 1 페이지 완료...
2021-09-07 17:12:45,635 - movie_review_logger - INFO - 2 페이지 완료...
2021-09-07 17:12:46,273 - movie_review_logger - INFO - 3 페이지 완료...
2021-09-07 17:12:46,860 - movie_review_logger - INFO - 4 페이지 완료...
2021-09-07 17:12:47,437 - movie_review_logger - INFO - 5 페이지 완료...
2021-09-07 17:12:48,074 - movie_review_logger - INFO - 6 페이지 완료...
2021-09-07 17:12:48,635 - movie_review_logger - INFO - 7 페이지 완료...
2021-09-07 17:12:49,153 - movie_review_logger - INFO - 8 페이지 완료...
2021-09-07 17:12:49,738 - movie_review_logger - INFO - 9 페이지 완료...
2021-09-07 17:12:50,325 - movie_review_logger - INFO - 10 페이지 완료...
2021-09-07 17:12:50,943 - movie_review_logger - INFO - 11 페이지 완료...
2021-09-07 17:12:51,609 - movie_review_logger - INFO - 12 페이지 완료...
2021-09-07 17:12:52,246 - movie_review_logger - INFO - 13 페이지 완료...
2021-09-07 17:12:52,927 - movie_review_logger - INFO - 14 페이지 완료...
2021-09-07 17:12:53,608 - movie_review_logger - INFO - 15 페이지 완료...
2021-09-07 17:12:54,283 - movie_review_logger - INFO - 16 페이지 완료...
2021-09-07 17:12:54,892 - movie_review_logger - INFO - 17 페이지 완료...
2021-09-07 17:12:55,593 - movie_review_logger - INFO - 18 페이지 완료...
2021-09-07 17:12:56,226 - movie_review_logger - INFO - 19 페이지 완료...
2021-09-07 17:12:56,905 - movie_review_logger - INFO - 20 페이지 완료...
2021-09-07 17:12:57,680 - movie_review_logger - INFO - 21 페이지 완료...
2021-09-07 17:12:58,417 - movie_review_logger - INFO - 22 페이지 완료...
2021-09-07 17:12:59,054 - movie_review_logger - INFO - 23 페이지 완료...
2021-09-07 17:12:59,700 - movie_review_logger - INFO - 24 페이지 완료...
2021-09-07 17:13:00,468 - movie_review_logger - INFO - 25 페이지 완료...
2021-09-07 17:13:01,223 - movie_review_logger - INFO - 26 페이지 완료...
2021-09-07 17:13:01,920 - movie_review_logger - INFO - 27 페이지 완료...
2021-09-07 17:13:02,642 - movie_review_logger - INFO - 28 페이지 완료...
2021-09-07 17:13:03,316 - movie_review_logger - INFO - 29 페이지 완료...
2021-09-07 17:13:04,051 - movie_review_logger - INFO - 30 페이지 완료...
2021-09-07 17:13:04,915 - movie_review_logger - INFO - 31 페이지 완료...
2021-09-07 17:13:05,195 - movie_review_logger - INFO - 밥정 영화 리뷰 수집완료...
2021-09-07 17:13:06,025 - movie_review_logger - INFO - 그린 북 리뷰 수집 시작!
2021-09-07 17:13:06,825 - movie_review_logger - INFO - 1 페이지 완료...
2021-09-07 17:13:07,588 - movie_review_logger - INFO - 2 페이지 완료...
2021-09-07 17:13:08,286 - movie_review_logger - INFO - 3 페이지 완료...
2021-09-07 17:13:08,914 - movie_review_logger - INFO - 4 페이지 완료...
2021-09-07 17:13:09,570 - movie_review_logger - INFO - 5 페이지 완료...
2021-09-07 17:13:10,207 - movie_review_logger - INFO - 6 페이지 완료...
2021-09-07 17:13:10,889 - movie_review_logger - INFO - 7 페이지 완료...
2021-09-07 17:13:11,516 - movie_review_logger - INFO - 8 페이지 완료...
2021-09-07 17:13:12,253 - movie_review_logger - INFO - 9 페이지 완료...
2021-09-07 17:13:12,865 - movie_review_logger - INFO - 10 페이지 완료...
2021-09-07 17:13:13,485 - movie_review_logger - INFO - 11 페이지 완료...
2021-09-07 17:13:14,103 - movie_review_logger - INFO - 12 페이지 완료...
2021-09-07 17:13:14,774 - movie_review_logger - INFO - 13 페이지 완료...
2021-09-07 17:13:15,448 - movie_review_logger - INFO - 14 페이지 완료...
2021-09-07 17:13:16,185 - movie_review_logger - INFO - 15 페이지 완료...
2021-09-07 17:13:16,916 - movie_review_logger - INFO - 16 페이지 완료...
2021-09-07 17:13:17,538 - movie_review_logger - INFO - 17 페이지 완료...
2021-09-07 17:13:18,106 - movie_review_logger - INFO - 18 페이지 완료...
2021-09-07 17:13:18,781 - movie_review_logger - INFO - 19 페이지 완료...
2021-09-07 17:13:19,474 - movie_review_logger - INFO - 20 페이지 완료...
2021-09-07 17:13:20,084 - movie_review_logger - INFO - 21 페이지 완료...
2021-09-07 17:13:20,663 - movie_review_logger - INFO - 22 페이지 완료...
2021-09-07 17:13:21,239 - movie_review_logger - INFO - 23 페이지 완료...
2021-09-07 17:13:21,827 - movie_review_logger - INFO - 24 페이지 완료...
2021-09-07 17:13:22,431 - movie_review_logger - INFO - 25 페이지 완료...
2021-09-07 17:13:23,106 - movie_review_logger - INFO - 26 페이지 완료...
2021-09-07 17:13:23,814 - movie_review_logger - INFO - 27 페이지 완료...
2021-09-07 17:13:24,464 - movie_review_logger - INFO - 28 페이지 완료...
2021-09-07 17:13:25,081 - movie_review_logger - INFO - 29 페이지 완료...
2021-09-07 17:13:25,699 - movie_review_logger - INFO - 30 페이지 완료...
2021-09-07 17:13:26,347 - movie_review_logger - INFO - 31 페이지 완료...
2021-09-07 17:13:27,053 - movie_review_logger - INFO - 32 페이지 완료...
2021-09-07 17:13:27,699 - movie_review_logger - INFO - 33 페이지 완료...
2021-09-07 17:13:28,336 - movie_review_logger - INFO - 34 페이지 완료...
2021-09-07 17:13:28,997 - movie_review_logger - INFO - 35 페이지 완료...
2021-09-07 17:13:29,703 - movie_review_logger - INFO - 36 페이지 완료...
2021-09-07 17:13:30,523 - movie_review_logger - INFO - 37 페이지 완료...
2021-09-07 17:13:31,373 - movie_review_logger - INFO - 38 페이지 완료...
2021-09-07 17:13:32,023 - movie_review_logger - INFO - 39 페이지 완료...
2021-09-07 17:13:32,782 - movie_review_logger - INFO - 40 페이지 완료...
2021-09-07 17:13:33,498 - movie_review_logger - INFO - 41 페이지 완료...
2021-09-07 17:13:34,156 - movie_review_logger - INFO - 42 페이지 완료...
2021-09-07 17:13:34,841 - movie_review_logger - INFO - 43 페이지 완료...
2021-09-07 17:13:35,524 - movie_review_logger - INFO - 44 페이지 완료...
2021-09-07 17:13:36,355 - movie_review_logger - INFO - 45 페이지 완료...
2021-09-07 17:13:37,121 - movie_review_logger - INFO - 46 페이지 완료...
2021-09-07 17:13:37,902 - movie_review_logger - INFO - 47 페이지 완료...
2021-09-07 17:13:38,603 - movie_review_logger - INFO - 48 페이지 완료...
2021-09-07 17:13:39,298 - movie_review_logger - INFO - 49 페이지 완료...
2021-09-07 17:13:40,137 - movie_review_logger - INFO - 50 페이지 완료...
2021-09-07 17:13:40,996 - movie_review_logger - INFO - 51 페이지 완료...
2021-09-07 17:13:41,722 - movie_review_logger - INFO - 52 페이지 완료...
2021-09-07 17:13:42,451 - movie_review_logger - INFO - 53 페이지 완료...
2021-09-07 17:13:43,269 - movie_review_logger - INFO - 54 페이지 완료...
2021-09-07 17:13:44,222 - movie_review_logger - INFO - 55 페이지 완료...
2021-09-07 17:13:45,057 - movie_review_logger - INFO - 56 페이지 완료...
2021-09-07 17:13:45,966 - movie_review_logger - INFO - 57 페이지 완료...
2021-09-07 17:13:47,002 - movie_review_logger - INFO - 58 페이지 완료...
2021-09-07 17:13:47,862 - movie_review_logger - INFO - 59 페이지 완료...
2021-09-07 17:13:48,652 - movie_review_logger - INFO - 60 페이지 완료...
2021-09-07 17:13:49,519 - movie_review_logger - INFO - 61 페이지 완료...
2021-09-07 17:13:50,334 - movie_review_logger - INFO - 62 페이지 완료...
2021-09-07 17:13:51,049 - movie_review_logger - INFO - 63 페이지 완료...
2021-09-07 17:13:51,788 - movie_review_logger - INFO - 64 페이지 완료...
2021-09-07 17:13:52,623 - movie_review_logger - INFO - 65 페이지 완료...
2021-09-07 17:13:53,384 - movie_review_logger - INFO - 66 페이지 완료...
2021-09-07 17:13:54,184 - movie_review_logger - INFO - 67 페이지 완료...
2021-09-07 17:13:55,042 - movie_review_logger - INFO - 68 페이지 완료...
2021-09-07 17:13:55,730 - movie_review_logger - INFO - 69 페이지 완료...
2021-09-07 17:13:56,415 - movie_review_logger - INFO - 70 페이지 완료...
2021-09-07 17:13:57,164 - movie_review_logger - INFO - 71 페이지 완료...
2021-09-07 17:13:57,878 - movie_review_logger - INFO - 72 페이지 완료...
2021-09-07 17:13:58,631 - movie_review_logger - INFO - 73 페이지 완료...
2021-09-07 17:13:59,570 - movie_review_logger - INFO - 74 페이지 완료...
2021-09-07 17:14:00,466 - movie_review_logger - INFO - 75 페이지 완료...
2021-09-07 17:14:01,388 - movie_review_logger - INFO - 76 페이지 완료...
2021-09-07 17:14:02,238 - movie_review_logger - INFO - 77 페이지 완료...
2021-09-07 17:14:03,031 - movie_review_logger - INFO - 78 페이지 완료...
2021-09-07 17:14:03,816 - movie_review_logger - INFO - 79 페이지 완료...
2021-09-07 17:14:04,746 - movie_review_logger - INFO - 80 페이지 완료...
2021-09-07 17:14:05,664 - movie_review_logger - INFO - 81 페이지 완료...
2021-09-07 17:14:06,384 - movie_review_logger - INFO - 82 페이지 완료...
2021-09-07 17:14:07,073 - movie_review_logger - INFO - 83 페이지 완료...
2021-09-07 17:14:07,828 - movie_review_logger - INFO - 84 페이지 완료...
2021-09-07 17:14:08,535 - movie_review_logger - INFO - 85 페이지 완료...
2021-09-07 17:14:09,399 - movie_review_logger - INFO - 86 페이지 완료...
2021-09-07 17:14:10,223 - movie_review_logger - INFO - 87 페이지 완료...
2021-09-07 17:14:11,052 - movie_review_logger - INFO - 88 페이지 완료...
2021-09-07 17:14:11,815 - movie_review_logger - INFO - 89 페이지 완료...
2021-09-07 17:14:12,551 - movie_review_logger - INFO - 90 페이지 완료...
2021-09-07 17:14:13,271 - movie_review_logger - INFO - 91 페이지 완료...
2021-09-07 17:14:13,984 - movie_review_logger - INFO - 92 페이지 완료...
2021-09-07 17:14:14,720 - movie_review_logger - INFO - 93 페이지 완료...
2021-09-07 17:14:15,553 - movie_review_logger - INFO - 94 페이지 완료...
2021-09-07 17:14:16,372 - movie_review_logger - INFO - 95 페이지 완료...
2021-09-07 17:14:17,142 - movie_review_logger - INFO - 96 페이지 완료...
2021-09-07 17:14:17,921 - movie_review_logger - INFO - 97 페이지 완료...
2021-09-07 17:14:18,738 - movie_review_logger - INFO - 98 페이지 완료...
2021-09-07 17:14:19,563 - movie_review_logger - INFO - 99 페이지 완료...
2021-09-07 17:14:20,318 - movie_review_logger - INFO - 100 페이지 완료...
2021-09-07 17:14:21,104 - movie_review_logger - INFO - 101 페이지 완료...
2021-09-07 17:14:21,849 - movie_review_logger - INFO - 102 페이지 완료...
2021-09-07 17:14:22,699 - movie_review_logger - INFO - 103 페이지 완료...
2021-09-07 17:14:23,544 - movie_review_logger - INFO - 104 페이지 완료...
2021-09-07 17:14:24,346 - movie_review_logger - INFO - 105 페이지 완료...
2021-09-07 17:14:25,163 - movie_review_logger - INFO - 106 페이지 완료...
2021-09-07 17:14:25,983 - movie_review_logger - INFO - 107 페이지 완료...
2021-09-07 17:14:26,814 - movie_review_logger - INFO - 108 페이지 완료...
2021-09-07 17:14:27,662 - movie_review_logger - INFO - 109 페이지 완료...
2021-09-07 17:14:28,652 - movie_review_logger - INFO - 110 페이지 완료...
2021-09-07 17:14:29,729 - movie_review_logger - INFO - 111 페이지 완료...
2021-09-07 17:14:30,618 - movie_review_logger - INFO - 112 페이지 완료...
2021-09-07 17:14:31,419 - movie_review_logger - INFO - 113 페이지 완료...
2021-09-07 17:14:32,402 - movie_review_logger - INFO - 114 페이지 완료...
2021-09-07 17:14:33,392 - movie_review_logger - INFO - 115 페이지 완료...
2021-09-07 17:14:34,229 - movie_review_logger - INFO - 116 페이지 완료...
2021-09-07 17:14:35,013 - movie_review_logger - INFO - 117 페이지 완료...
2021-09-07 17:14:35,743 - movie_review_logger - INFO - 118 페이지 완료...
2021-09-07 17:14:36,662 - movie_review_logger - INFO - 119 페이지 완료...
2021-09-07 17:14:37,681 - movie_review_logger - INFO - 120 페이지 완료...
2021-09-07 17:14:38,582 - movie_review_logger - INFO - 121 페이지 완료...
2021-09-07 17:14:39,510 - movie_review_logger - INFO - 122 페이지 완료...
2021-09-07 17:14:40,394 - movie_review_logger - INFO - 123 페이지 완료...
2021-09-07 17:14:41,201 - movie_review_logger - INFO - 124 페이지 완료...
2021-09-07 17:14:42,070 - movie_review_logger - INFO - 125 페이지 완료...
2021-09-07 17:14:42,888 - movie_review_logger - INFO - 126 페이지 완료...
2021-09-07 17:14:43,887 - movie_review_logger - INFO - 127 페이지 완료...
2021-09-07 17:14:44,895 - movie_review_logger - INFO - 128 페이지 완료...
2021-09-07 17:14:45,944 - movie_review_logger - INFO - 129 페이지 완료...
2021-09-07 17:14:46,900 - movie_review_logger - INFO - 130 페이지 완료...
2021-09-07 17:14:47,875 - movie_review_logger - INFO - 131 페이지 완료...
2021-09-07 17:14:48,870 - movie_review_logger - INFO - 132 페이지 완료...
2021-09-07 17:14:49,864 - movie_review_logger - INFO - 133 페이지 완료...
2021-09-07 17:14:50,720 - movie_review_logger - INFO - 134 페이지 완료...
2021-09-07 17:14:51,684 - movie_review_logger - INFO - 135 페이지 완료...
2021-09-07 17:14:52,791 - movie_review_logger - INFO - 136 페이지 완료...
2021-09-07 17:14:53,733 - movie_review_logger - INFO - 137 페이지 완료...
2021-09-07 17:14:54,735 - movie_review_logger - INFO - 138 페이지 완료...
2021-09-07 17:14:55,703 - movie_review_logger - INFO - 139 페이지 완료...
2021-09-07 17:14:56,610 - movie_review_logger - INFO - 140 페이지 완료...
2021-09-07 17:14:57,500 - movie_review_logger - INFO - 141 페이지 완료...
2021-09-07 17:14:58,503 - movie_review_logger - INFO - 142 페이지 완료...
2021-09-07 17:14:59,362 - movie_review_logger - INFO - 143 페이지 완료...
2021-09-07 17:15:00,385 - movie_review_logger - INFO - 144 페이지 완료...
2021-09-07 17:15:01,385 - movie_review_logger - INFO - 145 페이지 완료...
2021-09-07 17:15:02,421 - movie_review_logger - INFO - 146 페이지 완료...
2021-09-07 17:15:03,521 - movie_review_logger - INFO - 147 페이지 완료...
2021-09-07 17:15:04,470 - movie_review_logger - INFO - 148 페이지 완료...
2021-09-07 17:15:05,277 - movie_review_logger - INFO - 149 페이지 완료...
2021-09-07 17:15:06,047 - movie_review_logger - INFO - 150 페이지 완료...
2021-09-07 17:15:06,869 - movie_review_logger - INFO - 151 페이지 완료...
2021-09-07 17:15:07,630 - movie_review_logger - INFO - 152 페이지 완료...
2021-09-07 17:15:08,460 - movie_review_logger - INFO - 153 페이지 완료...
2021-09-07 17:15:09,344 - movie_review_logger - INFO - 154 페이지 완료...
2021-09-07 17:15:10,502 - movie_review_logger - INFO - 155 페이지 완료...
2021-09-07 17:15:11,315 - movie_review_logger - INFO - 156 페이지 완료...
2021-09-07 17:15:12,096 - movie_review_logger - INFO - 157 페이지 완료...
2021-09-07 17:15:12,893 - movie_review_logger - INFO - 158 페이지 완료...
2021-09-07 17:15:13,732 - movie_review_logger - INFO - 159 페이지 완료...
2021-09-07 17:15:14,528 - movie_review_logger - INFO - 160 페이지 완료...
2021-09-07 17:15:15,409 - movie_review_logger - INFO - 161 페이지 완료...
2021-09-07 17:15:16,275 - movie_review_logger - INFO - 162 페이지 완료...
2021-09-07 17:15:17,095 - movie_review_logger - INFO - 163 페이지 완료...
2021-09-07 17:15:17,913 - movie_review_logger - INFO - 164 페이지 완료...
2021-09-07 17:15:18,868 - movie_review_logger - INFO - 165 페이지 완료...
2021-09-07 17:15:19,729 - movie_review_logger - INFO - 166 페이지 완료...
2021-09-07 17:15:20,543 - movie_review_logger - INFO - 167 페이지 완료...
2021-09-07 17:15:21,361 - movie_review_logger - INFO - 168 페이지 완료...
2021-09-07 17:15:22,212 - movie_review_logger - INFO - 169 페이지 완료...
2021-09-07 17:15:23,042 - movie_review_logger - INFO - 170 페이지 완료...
2021-09-07 17:15:23,860 - movie_review_logger - INFO - 171 페이지 완료...
2021-09-07 17:15:24,781 - movie_review_logger - INFO - 172 페이지 완료...
2021-09-07 17:15:25,694 - movie_review_logger - INFO - 173 페이지 완료...
2021-09-07 17:15:26,580 - movie_review_logger - INFO - 174 페이지 완료...
2021-09-07 17:15:27,428 - movie_review_logger - INFO - 175 페이지 완료...
2021-09-07 17:15:28,359 - movie_review_logger - INFO - 176 페이지 완료...
2021-09-07 17:15:29,289 - movie_review_logger - INFO - 177 페이지 완료...
2021-09-07 17:15:30,179 - movie_review_logger - INFO - 178 페이지 완료...
2021-09-07 17:15:31,033 - movie_review_logger - INFO - 179 페이지 완료...
2021-09-07 17:15:31,890 - movie_review_logger - INFO - 180 페이지 완료...
2021-09-07 17:15:32,752 - movie_review_logger - INFO - 181 페이지 완료...
2021-09-07 17:15:33,628 - movie_review_logger - INFO - 182 페이지 완료...
2021-09-07 17:15:34,582 - movie_review_logger - INFO - 183 페이지 완료...
2021-09-07 17:15:35,494 - movie_review_logger - INFO - 184 페이지 완료...
2021-09-07 17:15:36,373 - movie_review_logger - INFO - 185 페이지 완료...
2021-09-07 17:15:37,269 - movie_review_logger - INFO - 186 페이지 완료...
2021-09-07 17:15:38,234 - movie_review_logger - INFO - 187 페이지 완료...
2021-09-07 17:15:39,208 - movie_review_logger - INFO - 188 페이지 완료...
2021-09-07 17:15:40,212 - movie_review_logger - INFO - 189 페이지 완료...
2021-09-07 17:15:41,281 - movie_review_logger - INFO - 190 페이지 완료...
2021-09-07 17:15:42,225 - movie_review_logger - INFO - 191 페이지 완료...
2021-09-07 17:15:43,134 - movie_review_logger - INFO - 192 페이지 완료...
2021-09-07 17:15:44,174 - movie_review_logger - INFO - 193 페이지 완료...
2021-09-07 17:15:45,251 - movie_review_logger - INFO - 194 페이지 완료...
2021-09-07 17:15:46,253 - movie_review_logger - INFO - 195 페이지 완료...
2021-09-07 17:15:47,174 - movie_review_logger - INFO - 196 페이지 완료...
2021-09-07 17:15:48,091 - movie_review_logger - INFO - 197 페이지 완료...
2021-09-07 17:15:49,100 - movie_review_logger - INFO - 198 페이지 완료...
2021-09-07 17:15:50,073 - movie_review_logger - INFO - 199 페이지 완료...
2021-09-07 17:15:51,184 - movie_review_logger - INFO - 200 페이지 완료...
2021-09-07 17:15:52,190 - movie_review_logger - INFO - 201 페이지 완료...
2021-09-07 17:15:53,378 - movie_review_logger - INFO - 202 페이지 완료...
2021-09-07 17:15:54,252 - movie_review_logger - INFO - 203 페이지 완료...
2021-09-07 17:15:55,118 - movie_review_logger - INFO - 204 페이지 완료...
2021-09-07 17:15:56,008 - movie_review_logger - INFO - 205 페이지 완료...
2021-09-07 17:15:56,947 - movie_review_logger - INFO - 206 페이지 완료...
2021-09-07 17:15:57,865 - movie_review_logger - INFO - 207 페이지 완료...
2021-09-07 17:15:58,713 - movie_review_logger - INFO - 208 페이지 완료...
2021-09-07 17:15:59,565 - movie_review_logger - INFO - 209 페이지 완료...
2021-09-07 17:16:00,438 - movie_review_logger - INFO - 210 페이지 완료...
2021-09-07 17:16:01,395 - movie_review_logger - INFO - 211 페이지 완료...
2021-09-07 17:16:02,284 - movie_review_logger - INFO - 212 페이지 완료...
2021-09-07 17:16:03,151 - movie_review_logger - INFO - 213 페이지 완료...
2021-09-07 17:16:04,027 - movie_review_logger - INFO - 214 페이지 완료...
2021-09-07 17:16:04,984 - movie_review_logger - INFO - 215 페이지 완료...
2021-09-07 17:16:05,965 - movie_review_logger - INFO - 216 페이지 완료...
2021-09-07 17:16:06,860 - movie_review_logger - INFO - 217 페이지 완료...
2021-09-07 17:16:07,742 - movie_review_logger - INFO - 218 페이지 완료...
2021-09-07 17:16:08,733 - movie_review_logger - INFO - 219 페이지 완료...
2021-09-07 17:16:09,740 - movie_review_logger - INFO - 220 페이지 완료...
2021-09-07 17:16:10,729 - movie_review_logger - INFO - 221 페이지 완료...
2021-09-07 17:16:11,675 - movie_review_logger - INFO - 222 페이지 완료...
2021-09-07 17:16:12,592 - movie_review_logger - INFO - 223 페이지 완료...
2021-09-07 17:16:13,496 - movie_review_logger - INFO - 224 페이지 완료...
2021-09-07 17:16:14,482 - movie_review_logger - INFO - 225 페이지 완료...
2021-09-07 17:16:15,442 - movie_review_logger - INFO - 226 페이지 완료...
2021-09-07 17:16:16,366 - movie_review_logger - INFO - 227 페이지 완료...
2021-09-07 17:16:17,416 - movie_review_logger - INFO - 228 페이지 완료...
2021-09-07 17:16:18,387 - movie_review_logger - INFO - 229 페이지 완료...
2021-09-07 17:16:19,364 - movie_review_logger - INFO - 230 페이지 완료...
2021-09-07 17:16:20,300 - movie_review_logger - INFO - 231 페이지 완료...
2021-09-07 17:16:21,242 - movie_review_logger - INFO - 232 페이지 완료...
2021-09-07 17:16:22,187 - movie_review_logger - INFO - 233 페이지 완료...
2021-09-07 17:16:23,141 - movie_review_logger - INFO - 234 페이지 완료...
2021-09-07 17:16:24,100 - movie_review_logger - INFO - 235 페이지 완료...
2021-09-07 17:16:25,212 - movie_review_logger - INFO - 236 페이지 완료...
2021-09-07 17:16:26,294 - movie_review_logger - INFO - 237 페이지 완료...
2021-09-07 17:16:27,300 - movie_review_logger - INFO - 238 페이지 완료...
2021-09-07 17:16:28,288 - movie_review_logger - INFO - 239 페이지 완료...
2021-09-07 17:16:29,278 - movie_review_logger - INFO - 240 페이지 완료...
2021-09-07 17:16:30,510 - movie_review_logger - INFO - 241 페이지 완료...
2021-09-07 17:16:31,492 - movie_review_logger - INFO - 242 페이지 완료...
2021-09-07 17:16:32,488 - movie_review_logger - INFO - 243 페이지 완료...
2021-09-07 17:16:33,498 - movie_review_logger - INFO - 244 페이지 완료...
2021-09-07 17:16:34,614 - movie_review_logger - INFO - 245 페이지 완료...
2021-09-07 17:16:35,745 - movie_review_logger - INFO - 246 페이지 완료...
2021-09-07 17:16:36,804 - movie_review_logger - INFO - 247 페이지 완료...
2021-09-07 17:16:37,823 - movie_review_logger - INFO - 248 페이지 완료...
2021-09-07 17:16:38,841 - movie_review_logger - INFO - 249 페이지 완료...
2021-09-07 17:16:39,869 - movie_review_logger - INFO - 250 페이지 완료...
2021-09-07 17:16:40,983 - movie_review_logger - INFO - 251 페이지 완료...
2021-09-07 17:16:42,130 - movie_review_logger - INFO - 252 페이지 완료...
2021-09-07 17:16:43,233 - movie_review_logger - INFO - 253 페이지 완료...
2021-09-07 17:16:44,271 - movie_review_logger - INFO - 254 페이지 완료...
2021-09-07 17:16:45,335 - movie_review_logger - INFO - 255 페이지 완료...
2021-09-07 17:16:46,405 - movie_review_logger - INFO - 256 페이지 완료...
2021-09-07 17:16:47,509 - movie_review_logger - INFO - 257 페이지 완료...
2021-09-07 17:16:48,557 - movie_review_logger - INFO - 258 페이지 완료...
2021-09-07 17:16:49,708 - movie_review_logger - INFO - 259 페이지 완료...
2021-09-07 17:16:50,817 - movie_review_logger - INFO - 260 페이지 완료...
2021-09-07 17:16:51,882 - movie_review_logger - INFO - 261 페이지 완료...
2021-09-07 17:16:52,946 - movie_review_logger - INFO - 262 페이지 완료...
2021-09-07 17:16:54,006 - movie_review_logger - INFO - 263 페이지 완료...
2021-09-07 17:16:55,087 - movie_review_logger - INFO - 264 페이지 완료...
2021-09-07 17:16:56,152 - movie_review_logger - INFO - 265 페이지 완료...
2021-09-07 17:16:57,327 - movie_review_logger - INFO - 266 페이지 완료...
2021-09-07 17:16:58,448 - movie_review_logger - INFO - 267 페이지 완료...
2021-09-07 17:16:59,646 - movie_review_logger - INFO - 268 페이지 완료...
2021-09-07 17:17:00,897 - movie_review_logger - INFO - 269 페이지 완료...
2021-09-07 17:17:02,087 - movie_review_logger - INFO - 270 페이지 완료...
2021-09-07 17:17:03,062 - movie_review_logger - INFO - 271 페이지 완료...
2021-09-07 17:17:04,040 - movie_review_logger - INFO - 272 페이지 완료...
2021-09-07 17:17:05,021 - movie_review_logger - INFO - 273 페이지 완료...
2021-09-07 17:17:06,110 - movie_review_logger - INFO - 274 페이지 완료...
2021-09-07 17:17:07,090 - movie_review_logger - INFO - 275 페이지 완료...
2021-09-07 17:17:08,067 - movie_review_logger - INFO - 276 페이지 완료...
2021-09-07 17:17:09,072 - movie_review_logger - INFO - 277 페이지 완료...
2021-09-07 17:17:10,194 - movie_review_logger - INFO - 278 페이지 완료...
2021-09-07 17:17:11,308 - movie_review_logger - INFO - 279 페이지 완료...
2021-09-07 17:17:12,341 - movie_review_logger - INFO - 280 페이지 완료...
2021-09-07 17:17:13,351 - movie_review_logger - INFO - 281 페이지 완료...
2021-09-07 17:17:14,371 - movie_review_logger - INFO - 282 페이지 완료...
2021-09-07 17:17:15,387 - movie_review_logger - INFO - 283 페이지 완료...
2021-09-07 17:17:16,515 - movie_review_logger - INFO - 284 페이지 완료...
2021-09-07 17:17:17,552 - movie_review_logger - INFO - 285 페이지 완료...
2021-09-07 17:17:18,641 - movie_review_logger - INFO - 286 페이지 완료...
2021-09-07 17:17:19,719 - movie_review_logger - INFO - 287 페이지 완료...
2021-09-07 17:17:20,757 - movie_review_logger - INFO - 288 페이지 완료...
2021-09-07 17:17:21,792 - movie_review_logger - INFO - 289 페이지 완료...
2021-09-07 17:17:22,838 - movie_review_logger - INFO - 290 페이지 완료...
2021-09-07 17:17:23,891 - movie_review_logger - INFO - 291 페이지 완료...
2021-09-07 17:17:24,938 - movie_review_logger - INFO - 292 페이지 완료...
2021-09-07 17:17:25,983 - movie_review_logger - INFO - 293 페이지 완료...
2021-09-07 17:17:27,049 - movie_review_logger - INFO - 294 페이지 완료...
2021-09-07 17:17:28,184 - movie_review_logger - INFO - 295 페이지 완료...
2021-09-07 17:17:29,292 - movie_review_logger - INFO - 296 페이지 완료...
2021-09-07 17:17:30,353 - movie_review_logger - INFO - 297 페이지 완료...
2021-09-07 17:17:31,415 - movie_review_logger - INFO - 298 페이지 완료...
2021-09-07 17:17:32,484 - movie_review_logger - INFO - 299 페이지 완료...
2021-09-07 17:17:33,565 - movie_review_logger - INFO - 300 페이지 완료...
2021-09-07 17:17:34,673 - movie_review_logger - INFO - 301 페이지 완료...
2021-09-07 17:17:35,755 - movie_review_logger - INFO - 302 페이지 완료...
2021-09-07 17:17:36,855 - movie_review_logger - INFO - 303 페이지 완료...
2021-09-07 17:17:38,026 - movie_review_logger - INFO - 304 페이지 완료...
2021-09-07 17:17:39,290 - movie_review_logger - INFO - 305 페이지 완료...
2021-09-07 17:17:40,397 - movie_review_logger - INFO - 306 페이지 완료...
2021-09-07 17:17:41,553 - movie_review_logger - INFO - 307 페이지 완료...
2021-09-07 17:17:42,771 - movie_review_logger - INFO - 308 페이지 완료...
2021-09-07 17:17:43,934 - movie_review_logger - INFO - 309 페이지 완료...
2021-09-07 17:17:45,209 - movie_review_logger - INFO - 310 페이지 완료...
2021-09-07 17:17:46,386 - movie_review_logger - INFO - 311 페이지 완료...
2021-09-07 17:17:47,538 - movie_review_logger - INFO - 312 페이지 완료...
2021-09-07 17:17:48,673 - movie_review_logger - INFO - 313 페이지 완료...
2021-09-07 17:17:49,813 - movie_review_logger - INFO - 314 페이지 완료...
2021-09-07 17:17:50,953 - movie_review_logger - INFO - 315 페이지 완료...
2021-09-07 17:17:52,107 - movie_review_logger - INFO - 316 페이지 완료...
2021-09-07 17:17:53,337 - movie_review_logger - INFO - 317 페이지 완료...
2021-09-07 17:17:54,563 - movie_review_logger - INFO - 318 페이지 완료...
2021-09-07 17:17:55,838 - movie_review_logger - INFO - 319 페이지 완료...
2021-09-07 17:17:57,078 - movie_review_logger - INFO - 320 페이지 완료...
2021-09-07 17:17:58,338 - movie_review_logger - INFO - 321 페이지 완료...
2021-09-07 17:17:59,537 - movie_review_logger - INFO - 322 페이지 완료...
2021-09-07 17:18:00,719 - movie_review_logger - INFO - 323 페이지 완료...
2021-09-07 17:18:01,991 - movie_review_logger - INFO - 324 페이지 완료...
2021-09-07 17:18:03,219 - movie_review_logger - INFO - 325 페이지 완료...
2021-09-07 17:18:04,423 - movie_review_logger - INFO - 326 페이지 완료...
2021-09-07 17:18:05,711 - movie_review_logger - INFO - 327 페이지 완료...
2021-09-07 17:18:06,944 - movie_review_logger - INFO - 328 페이지 완료...
2021-09-07 17:18:08,149 - movie_review_logger - INFO - 329 페이지 완료...
2021-09-07 17:18:09,365 - movie_review_logger - INFO - 330 페이지 완료...
2021-09-07 17:18:10,588 - movie_review_logger - INFO - 331 페이지 완료...
2021-09-07 17:18:12,170 - movie_review_logger - INFO - 332 페이지 완료...
2021-09-07 17:18:13,280 - movie_review_logger - INFO - 333 페이지 완료...
2021-09-07 17:18:14,338 - movie_review_logger - INFO - 334 페이지 완료...
2021-09-07 17:18:15,368 - movie_review_logger - INFO - 335 페이지 완료...
2021-09-07 17:18:16,398 - movie_review_logger - INFO - 336 페이지 완료...
2021-09-07 17:18:17,433 - movie_review_logger - INFO - 337 페이지 완료...
2021-09-07 17:18:18,453 - movie_review_logger - INFO - 338 페이지 완료...
2021-09-07 17:18:19,520 - movie_review_logger - INFO - 339 페이지 완료...
2021-09-07 17:18:20,584 - movie_review_logger - INFO - 340 페이지 완료...
2021-09-07 17:18:21,708 - movie_review_logger - INFO - 341 페이지 완료...
2021-09-07 17:18:22,783 - movie_review_logger - INFO - 342 페이지 완료...
2021-09-07 17:18:24,078 - movie_review_logger - INFO - 343 페이지 완료...
2021-09-07 17:18:25,242 - movie_review_logger - INFO - 344 페이지 완료...
2021-09-07 17:18:26,445 - movie_review_logger - INFO - 345 페이지 완료...
2021-09-07 17:18:27,531 - movie_review_logger - INFO - 346 페이지 완료...
2021-09-07 17:18:28,671 - movie_review_logger - INFO - 347 페이지 완료...
2021-09-07 17:18:29,812 - movie_review_logger - INFO - 348 페이지 완료...
2021-09-07 17:18:30,962 - movie_review_logger - INFO - 349 페이지 완료...
2021-09-07 17:18:32,036 - movie_review_logger - INFO - 350 페이지 완료...
2021-09-07 17:18:33,148 - movie_review_logger - INFO - 351 페이지 완료...
2021-09-07 17:18:34,524 - movie_review_logger - INFO - 352 페이지 완료...
2021-09-07 17:18:35,713 - movie_review_logger - INFO - 353 페이지 완료...
2021-09-07 17:18:36,843 - movie_review_logger - INFO - 354 페이지 완료...
2021-09-07 17:18:37,980 - movie_review_logger - INFO - 355 페이지 완료...
2021-09-07 17:18:39,159 - movie_review_logger - INFO - 356 페이지 완료...
2021-09-07 17:18:40,329 - movie_review_logger - INFO - 357 페이지 완료...
2021-09-07 17:18:41,445 - movie_review_logger - INFO - 358 페이지 완료...
2021-09-07 17:18:42,614 - movie_review_logger - INFO - 359 페이지 완료...
2021-09-07 17:18:43,756 - movie_review_logger - INFO - 360 페이지 완료...
2021-09-07 17:18:45,012 - movie_review_logger - INFO - 361 페이지 완료...
2021-09-07 17:18:46,240 - movie_review_logger - INFO - 362 페이지 완료...
2021-09-07 17:18:47,400 - movie_review_logger - INFO - 363 페이지 완료...
2021-09-07 17:18:48,658 - movie_review_logger - INFO - 364 페이지 완료...
2021-09-07 17:18:49,835 - movie_review_logger - INFO - 365 페이지 완료...
2021-09-07 17:18:50,979 - movie_review_logger - INFO - 366 페이지 완료...
2021-09-07 17:28:37,917 - movie_review_logger - INFO - 가상 브라우저 실행...
2021-09-07 17:28:41,558 - movie_review_logger - INFO - 밥정 리뷰 수집 시작!
2021-09-07 17:28:42,299 - movie_review_logger - INFO - 1 페이지 완료...
2021-09-07 17:28:42,880 - movie_review_logger - INFO - 2 페이지 완료...
2021-09-07 17:28:43,469 - movie_review_logger - INFO - 3 페이지 완료...
2021-09-07 17:28:44,027 - movie_review_logger - INFO - 4 페이지 완료...
2021-09-07 17:28:44,558 - movie_review_logger - INFO - 5 페이지 완료...
2021-09-07 17:28:45,154 - movie_review_logger - INFO - 6 페이지 완료...
2021-09-07 17:28:45,685 - movie_review_logger - INFO - 7 페이지 완료...
2021-09-07 17:28:46,178 - movie_review_logger - INFO - 8 페이지 완료...
2021-09-07 17:28:46,733 - movie_review_logger - INFO - 9 페이지 완료...
2021-09-07 17:28:47,281 - movie_review_logger - INFO - 10 페이지 완료...
2021-09-07 17:28:47,893 - movie_review_logger - INFO - 11 페이지 완료...
2021-09-07 17:28:48,535 - movie_review_logger - INFO - 12 페이지 완료...
2021-09-07 17:28:49,112 - movie_review_logger - INFO - 13 페이지 완료...
2021-09-07 17:28:49,735 - movie_review_logger - INFO - 14 페이지 완료...
2021-09-07 17:28:50,444 - movie_review_logger - INFO - 15 페이지 완료...
2021-09-07 17:28:51,119 - movie_review_logger - INFO - 16 페이지 완료...
2021-09-07 17:28:51,735 - movie_review_logger - INFO - 17 페이지 완료...
2021-09-07 17:28:52,392 - movie_review_logger - INFO - 18 페이지 완료...
2021-09-07 17:28:52,993 - movie_review_logger - INFO - 19 페이지 완료...
2021-09-07 17:28:53,643 - movie_review_logger - INFO - 20 페이지 완료...
2021-09-07 17:28:54,363 - movie_review_logger - INFO - 21 페이지 완료...
2021-09-07 17:28:55,048 - movie_review_logger - INFO - 22 페이지 완료...
2021-09-07 17:28:55,636 - movie_review_logger - INFO - 23 페이지 완료...
2021-09-07 17:28:56,235 - movie_review_logger - INFO - 24 페이지 완료...
2021-09-07 17:28:56,930 - movie_review_logger - INFO - 25 페이지 완료...
2021-09-07 17:28:57,620 - movie_review_logger - INFO - 26 페이지 완료...
2021-09-07 17:28:58,276 - movie_review_logger - INFO - 27 페이지 완료...
2021-09-07 17:28:58,931 - movie_review_logger - INFO - 28 페이지 완료...
2021-09-07 17:28:59,544 - movie_review_logger - INFO - 29 페이지 완료...
2021-09-07 17:29:00,220 - movie_review_logger - INFO - 30 페이지 완료...
2021-09-07 17:29:01,014 - movie_review_logger - INFO - 31 페이지 완료...
2021-09-07 17:29:01,258 - movie_review_logger - INFO - 밥정 영화 리뷰 수집완료...
2021-09-07 17:29:02,227 - movie_review_logger - INFO - 그린 북 리뷰 수집 시작!
2021-09-07 17:29:02,894 - movie_review_logger - INFO - 1 페이지 완료...
2021-09-07 17:29:03,668 - movie_review_logger - INFO - 2 페이지 완료...
2021-09-07 17:29:04,336 - movie_review_logger - INFO - 3 페이지 완료...
2021-09-07 17:29:05,001 - movie_review_logger - INFO - 4 페이지 완료...
2021-09-07 17:29:05,670 - movie_review_logger - INFO - 5 페이지 완료...
2021-09-07 17:29:06,350 - movie_review_logger - INFO - 6 페이지 완료...
2021-09-07 17:29:07,037 - movie_review_logger - INFO - 7 페이지 완료...
2021-09-07 17:29:07,667 - movie_review_logger - INFO - 8 페이지 완료...
2021-09-07 17:29:08,412 - movie_review_logger - INFO - 9 페이지 완료...
2021-09-07 17:29:09,027 - movie_review_logger - INFO - 10 페이지 완료...
2021-09-07 17:29:09,641 - movie_review_logger - INFO - 11 페이지 완료...
2021-09-07 17:29:10,252 - movie_review_logger - INFO - 12 페이지 완료...
2021-09-07 17:29:10,943 - movie_review_logger - INFO - 13 페이지 완료...
2021-09-07 17:29:11,568 - movie_review_logger - INFO - 14 페이지 완료...
2021-09-07 17:29:12,282 - movie_review_logger - INFO - 15 페이지 완료...
2021-09-07 17:29:13,001 - movie_review_logger - INFO - 16 페이지 완료...
2021-09-07 17:29:13,682 - movie_review_logger - INFO - 17 페이지 완료...
2021-09-07 17:29:14,320 - movie_review_logger - INFO - 18 페이지 완료...
2021-09-07 17:29:15,071 - movie_review_logger - INFO - 19 페이지 완료...
2021-09-07 17:29:15,850 - movie_review_logger - INFO - 20 페이지 완료...
2021-09-07 17:29:16,644 - movie_review_logger - INFO - 21 페이지 완료...
2021-09-07 17:29:17,350 - movie_review_logger - INFO - 22 페이지 완료...
2021-09-07 17:29:18,050 - movie_review_logger - INFO - 23 페이지 완료...
2021-09-07 17:29:18,726 - movie_review_logger - INFO - 24 페이지 완료...
2021-09-07 17:29:19,410 - movie_review_logger - INFO - 25 페이지 완료...
2021-09-07 17:29:20,179 - movie_review_logger - INFO - 26 페이지 완료...
2021-09-07 17:29:20,986 - movie_review_logger - INFO - 27 페이지 완료...
2021-09-07 17:29:21,726 - movie_review_logger - INFO - 28 페이지 완료...
2021-09-07 17:29:22,431 - movie_review_logger - INFO - 29 페이지 완료...
2021-09-07 17:29:23,134 - movie_review_logger - INFO - 30 페이지 완료...
2021-09-07 17:29:23,836 - movie_review_logger - INFO - 31 페이지 완료...
2021-09-07 17:29:24,634 - movie_review_logger - INFO - 32 페이지 완료...
2021-09-07 17:29:25,416 - movie_review_logger - INFO - 33 페이지 완료...
2021-09-07 17:29:26,168 - movie_review_logger - INFO - 34 페이지 완료...
2021-09-07 17:29:26,935 - movie_review_logger - INFO - 35 페이지 완료...
2021-09-07 17:29:27,816 - movie_review_logger - INFO - 36 페이지 완료...
2021-09-07 17:29:28,747 - movie_review_logger - INFO - 37 페이지 완료...
2021-09-07 17:29:29,583 - movie_review_logger - INFO - 38 페이지 완료...
2021-09-07 17:29:30,299 - movie_review_logger - INFO - 39 페이지 완료...
2021-09-07 17:29:31,103 - movie_review_logger - INFO - 40 페이지 완료...
2021-09-07 17:29:31,883 - movie_review_logger - INFO - 41 페이지 완료...
2021-09-07 17:29:32,664 - movie_review_logger - INFO - 42 페이지 완료...
2021-09-07 17:29:33,457 - movie_review_logger - INFO - 43 페이지 완료...
2021-09-07 17:29:34,224 - movie_review_logger - INFO - 44 페이지 완료...
2021-09-07 17:29:35,131 - movie_review_logger - INFO - 45 페이지 완료...
2021-09-07 17:29:35,965 - movie_review_logger - INFO - 46 페이지 완료...
2021-09-07 17:29:36,809 - movie_review_logger - INFO - 47 페이지 완료...
2021-09-07 17:29:37,610 - movie_review_logger - INFO - 48 페이지 완료...
2021-09-07 17:29:38,367 - movie_review_logger - INFO - 49 페이지 완료...
2021-09-07 17:29:39,268 - movie_review_logger - INFO - 50 페이지 완료...
2021-09-07 17:29:40,195 - movie_review_logger - INFO - 51 페이지 완료...
2021-09-07 17:29:41,009 - movie_review_logger - INFO - 52 페이지 완료...
2021-09-07 17:29:41,784 - movie_review_logger - INFO - 53 페이지 완료...
2021-09-07 17:29:42,647 - movie_review_logger - INFO - 54 페이지 완료...
2021-09-07 17:29:43,662 - movie_review_logger - INFO - 55 페이지 완료...
2021-09-07 17:29:44,550 - movie_review_logger - INFO - 56 페이지 완료...
2021-09-07 17:29:45,465 - movie_review_logger - INFO - 57 페이지 완료...
2021-09-07 17:29:46,379 - movie_review_logger - INFO - 58 페이지 완료...
2021-09-07 17:29:47,363 - movie_review_logger - INFO - 59 페이지 완료...
2021-09-07 17:29:48,263 - movie_review_logger - INFO - 60 페이지 완료...
2021-09-07 17:29:49,232 - movie_review_logger - INFO - 61 페이지 완료...
2021-09-07 17:29:50,183 - movie_review_logger - INFO - 62 페이지 완료...
2021-09-07 17:29:51,042 - movie_review_logger - INFO - 63 페이지 완료...
2021-09-07 17:29:51,908 - movie_review_logger - INFO - 64 페이지 완료...
2021-09-07 17:29:52,860 - movie_review_logger - INFO - 65 페이지 완료...
2021-09-07 17:29:53,750 - movie_review_logger - INFO - 66 페이지 완료...
2021-09-07 17:29:54,702 - movie_review_logger - INFO - 67 페이지 완료...
2021-09-07 17:29:55,714 - movie_review_logger - INFO - 68 페이지 완료...
2021-09-07 17:29:56,566 - movie_review_logger - INFO - 69 페이지 완료...
2021-09-07 17:29:57,643 - movie_review_logger - INFO - 70 페이지 완료...
2021-09-07 17:29:58,472 - movie_review_logger - INFO - 71 페이지 완료...
2021-09-07 17:29:59,278 - movie_review_logger - INFO - 72 페이지 완료...
2021-09-07 17:30:00,081 - movie_review_logger - INFO - 73 페이지 완료...
2021-09-07 17:30:01,115 - movie_review_logger - INFO - 74 페이지 완료...
2021-09-07 17:30:02,065 - movie_review_logger - INFO - 75 페이지 완료...
2021-09-07 17:30:03,042 - movie_review_logger - INFO - 76 페이지 완료...
2021-09-07 17:30:03,949 - movie_review_logger - INFO - 77 페이지 완료...
2021-09-07 17:30:04,789 - movie_review_logger - INFO - 78 페이지 완료...
2021-09-07 17:30:05,623 - movie_review_logger - INFO - 79 페이지 완료...
2021-09-07 17:30:06,578 - movie_review_logger - INFO - 80 페이지 완료...
2021-09-07 17:30:07,458 - movie_review_logger - INFO - 81 페이지 완료...
2021-09-07 17:30:08,316 - movie_review_logger - INFO - 82 페이지 완료...
2021-09-07 17:30:09,242 - movie_review_logger - INFO - 83 페이지 완료...
2021-09-07 17:30:10,146 - movie_review_logger - INFO - 84 페이지 완료...
2021-09-07 17:30:11,055 - movie_review_logger - INFO - 85 페이지 완료...
2021-09-07 17:30:12,090 - movie_review_logger - INFO - 86 페이지 완료...
2021-09-07 17:30:13,079 - movie_review_logger - INFO - 87 페이지 완료...
2021-09-07 17:30:14,062 - movie_review_logger - INFO - 88 페이지 완료...
2021-09-07 17:30:14,979 - movie_review_logger - INFO - 89 페이지 완료...
2021-09-07 17:30:15,865 - movie_review_logger - INFO - 90 페이지 완료...
2021-09-07 17:30:17,058 - movie_review_logger - INFO - 91 페이지 완료...
2021-09-07 17:30:17,962 - movie_review_logger - INFO - 92 페이지 완료...
2021-09-07 17:30:18,916 - movie_review_logger - INFO - 93 페이지 완료...
2021-09-07 17:30:19,933 - movie_review_logger - INFO - 94 페이지 완료...
2021-09-07 17:30:20,890 - movie_review_logger - INFO - 95 페이지 완료...
2021-09-07 17:30:21,844 - movie_review_logger - INFO - 96 페이지 완료...
2021-09-07 17:30:22,783 - movie_review_logger - INFO - 97 페이지 완료...
2021-09-07 17:30:23,745 - movie_review_logger - INFO - 98 페이지 완료...
2021-09-07 17:30:24,662 - movie_review_logger - INFO - 99 페이지 완료...
2021-09-07 17:30:25,588 - movie_review_logger - INFO - 100 페이지 완료...
2021-09-07 17:30:26,515 - movie_review_logger - INFO - 101 페이지 완료...
2021-09-07 17:30:27,456 - movie_review_logger - INFO - 102 페이지 완료...
2021-09-07 17:30:28,458 - movie_review_logger - INFO - 103 페이지 완료...
2021-09-07 17:30:29,425 - movie_review_logger - INFO - 104 페이지 완료...
2021-09-07 17:30:30,363 - movie_review_logger - INFO - 105 페이지 완료...
2021-09-07 17:30:31,299 - movie_review_logger - INFO - 106 페이지 완료...
2021-09-07 17:30:32,258 - movie_review_logger - INFO - 107 페이지 완료...
2021-09-07 17:30:33,250 - movie_review_logger - INFO - 108 페이지 완료...
2021-09-07 17:30:34,213 - movie_review_logger - INFO - 109 페이지 완료...
2021-09-07 17:30:35,298 - movie_review_logger - INFO - 110 페이지 완료...
2021-09-07 17:30:36,408 - movie_review_logger - INFO - 111 페이지 완료...
2021-09-07 17:30:37,572 - movie_review_logger - INFO - 112 페이지 완료...
2021-09-07 17:30:38,632 - movie_review_logger - INFO - 113 페이지 완료...
2021-09-07 17:30:39,812 - movie_review_logger - INFO - 114 페이지 완료...
2021-09-07 17:30:41,007 - movie_review_logger - INFO - 115 페이지 완료...
2021-09-07 17:30:42,116 - movie_review_logger - INFO - 116 페이지 완료...
2021-09-07 17:30:43,180 - movie_review_logger - INFO - 117 페이지 완료...
2021-09-07 17:30:44,240 - movie_review_logger - INFO - 118 페이지 완료...
2021-09-07 17:30:45,378 - movie_review_logger - INFO - 119 페이지 완료...
2021-09-07 17:30:46,531 - movie_review_logger - INFO - 120 페이지 완료...
2021-09-07 17:30:47,581 - movie_review_logger - INFO - 121 페이지 완료...
2021-09-07 17:30:48,631 - movie_review_logger - INFO - 122 페이지 완료...
2021-09-07 17:30:49,646 - movie_review_logger - INFO - 123 페이지 완료...
2021-09-07 17:30:50,599 - movie_review_logger - INFO - 124 페이지 완료...
2021-09-07 17:30:51,631 - movie_review_logger - INFO - 125 페이지 완료...
2021-09-07 17:30:52,642 - movie_review_logger - INFO - 126 페이지 완료...
2021-09-07 17:30:53,762 - movie_review_logger - INFO - 127 페이지 완료...
2021-09-07 17:30:54,897 - movie_review_logger - INFO - 128 페이지 완료...
2021-09-07 17:30:56,076 - movie_review_logger - INFO - 129 페이지 완료...
2021-09-07 17:30:57,165 - movie_review_logger - INFO - 130 페이지 완료...
2021-09-07 17:30:58,171 - movie_review_logger - INFO - 131 페이지 완료...
2021-09-07 17:30:59,267 - movie_review_logger - INFO - 132 페이지 완료...
2021-09-07 17:31:00,365 - movie_review_logger - INFO - 133 페이지 완료...
2021-09-07 17:31:01,358 - movie_review_logger - INFO - 134 페이지 완료...
2021-09-07 17:31:02,442 - movie_review_logger - INFO - 135 페이지 완료...
2021-09-07 17:31:03,593 - movie_review_logger - INFO - 136 페이지 완료...
2021-09-07 17:31:04,623 - movie_review_logger - INFO - 137 페이지 완료...
2021-09-07 17:31:05,712 - movie_review_logger - INFO - 138 페이지 완료...
2021-09-07 17:31:06,806 - movie_review_logger - INFO - 139 페이지 완료...
2021-09-07 17:31:07,823 - movie_review_logger - INFO - 140 페이지 완료...
2021-09-07 17:31:08,832 - movie_review_logger - INFO - 141 페이지 완료...
2021-09-07 17:31:09,976 - movie_review_logger - INFO - 142 페이지 완료...
2021-09-07 17:31:11,041 - movie_review_logger - INFO - 143 페이지 완료...
2021-09-07 17:31:12,273 - movie_review_logger - INFO - 144 페이지 완료...
2021-09-07 17:31:13,387 - movie_review_logger - INFO - 145 페이지 완료...
2021-09-07 17:31:14,529 - movie_review_logger - INFO - 146 페이지 완료...
2021-09-07 17:31:15,727 - movie_review_logger - INFO - 147 페이지 완료...
2021-09-07 17:31:16,942 - movie_review_logger - INFO - 148 페이지 완료...
2021-09-07 17:31:18,038 - movie_review_logger - INFO - 149 페이지 완료...
2021-09-07 17:31:19,103 - movie_review_logger - INFO - 150 페이지 완료...
2021-09-07 17:31:20,228 - movie_review_logger - INFO - 151 페이지 완료...
2021-09-07 17:31:21,304 - movie_review_logger - INFO - 152 페이지 완료...
2021-09-07 17:31:22,411 - movie_review_logger - INFO - 153 페이지 완료...
2021-09-07 17:31:23,605 - movie_review_logger - INFO - 154 페이지 완료...
2021-09-07 17:31:24,860 - movie_review_logger - INFO - 155 페이지 완료...
2021-09-07 17:31:25,981 - movie_review_logger - INFO - 156 페이지 완료...
2021-09-07 17:31:27,080 - movie_review_logger - INFO - 157 페이지 완료...
2021-09-07 17:31:28,346 - movie_review_logger - INFO - 158 페이지 완료...
2021-09-07 17:31:29,207 - movie_review_logger - INFO - 159 페이지 완료...
2021-09-07 17:31:30,039 - movie_review_logger - INFO - 160 페이지 완료...
2021-09-07 17:31:30,959 - movie_review_logger - INFO - 161 페이지 완료...
2021-09-07 17:31:31,835 - movie_review_logger - INFO - 162 페이지 완료...
2021-09-07 17:31:32,693 - movie_review_logger - INFO - 163 페이지 완료...
2021-09-07 17:31:33,537 - movie_review_logger - INFO - 164 페이지 완료...
2021-09-07 17:31:34,525 - movie_review_logger - INFO - 165 페이지 완료...
2021-09-07 17:31:35,413 - movie_review_logger - INFO - 166 페이지 완료...
2021-09-07 17:31:36,274 - movie_review_logger - INFO - 167 페이지 완료...
2021-09-07 17:31:37,138 - movie_review_logger - INFO - 168 페이지 완료...
2021-09-07 17:31:38,059 - movie_review_logger - INFO - 169 페이지 완료...
2021-09-07 17:31:38,934 - movie_review_logger - INFO - 170 페이지 완료...
2021-09-07 17:31:39,814 - movie_review_logger - INFO - 171 페이지 완료...
2021-09-07 17:31:40,774 - movie_review_logger - INFO - 172 페이지 완료...
2021-09-07 17:31:41,738 - movie_review_logger - INFO - 173 페이지 완료...
2021-09-07 17:31:42,654 - movie_review_logger - INFO - 174 페이지 완료...
2021-09-07 17:31:43,554 - movie_review_logger - INFO - 175 페이지 완료...
2021-09-07 17:31:44,542 - movie_review_logger - INFO - 176 페이지 완료...
2021-09-07 17:31:45,519 - movie_review_logger - INFO - 177 페이지 완료...
2021-09-07 17:31:46,455 - movie_review_logger - INFO - 178 페이지 완료...
2021-09-07 17:31:47,354 - movie_review_logger - INFO - 179 페이지 완료...
2021-09-07 17:31:48,259 - movie_review_logger - INFO - 180 페이지 완료...
2021-09-07 17:31:49,160 - movie_review_logger - INFO - 181 페이지 완료...
2021-09-07 17:31:50,089 - movie_review_logger - INFO - 182 페이지 완료...
2021-09-07 17:31:51,075 - movie_review_logger - INFO - 183 페이지 완료...
2021-09-07 17:31:52,035 - movie_review_logger - INFO - 184 페이지 완료...
2021-09-07 17:31:52,958 - movie_review_logger - INFO - 185 페이지 완료...
2021-09-07 17:31:54,200 - movie_review_logger - INFO - 186 페이지 완료...
2021-09-07 17:31:55,236 - movie_review_logger - INFO - 187 페이지 완료...
2021-09-07 17:31:56,251 - movie_review_logger - INFO - 188 페이지 완료...
2021-09-07 17:31:57,292 - movie_review_logger - INFO - 189 페이지 완료...
2021-09-07 17:31:58,415 - movie_review_logger - INFO - 190 페이지 완료...
2021-09-07 17:31:59,719 - movie_review_logger - INFO - 191 페이지 완료...
2021-09-07 17:32:01,206 - movie_review_logger - INFO - 192 페이지 완료...
2021-09-07 17:32:02,262 - movie_review_logger - INFO - 193 페이지 완료...
2021-09-07 17:32:03,396 - movie_review_logger - INFO - 194 페이지 완료...
2021-09-07 17:32:04,439 - movie_review_logger - INFO - 195 페이지 완료...
2021-09-07 17:32:05,396 - movie_review_logger - INFO - 196 페이지 완료...
2021-09-07 17:32:06,369 - movie_review_logger - INFO - 197 페이지 완료...
2021-09-07 17:32:07,435 - movie_review_logger - INFO - 198 페이지 완료...
2021-09-07 17:32:08,478 - movie_review_logger - INFO - 199 페이지 완료...
2021-09-07 17:32:09,641 - movie_review_logger - INFO - 200 페이지 완료...
2021-09-07 17:32:10,686 - movie_review_logger - INFO - 201 페이지 완료...
2021-09-07 17:32:11,793 - movie_review_logger - INFO - 202 페이지 완료...
2021-09-07 17:32:12,866 - movie_review_logger - INFO - 203 페이지 완료...
2021-09-07 17:32:14,012 - movie_review_logger - INFO - 204 페이지 완료...
2021-09-07 17:32:14,929 - movie_review_logger - INFO - 205 페이지 완료...
2021-09-07 17:32:15,854 - movie_review_logger - INFO - 206 페이지 완료...
2021-09-07 17:32:16,804 - movie_review_logger - INFO - 207 페이지 완료...
2021-09-07 17:32:17,676 - movie_review_logger - INFO - 208 페이지 완료...
2021-09-07 17:32:18,569 - movie_review_logger - INFO - 209 페이지 완료...
2021-09-07 17:32:19,465 - movie_review_logger - INFO - 210 페이지 완료...
2021-09-07 17:32:20,392 - movie_review_logger - INFO - 211 페이지 완료...
2021-09-07 17:32:21,264 - movie_review_logger - INFO - 212 페이지 완료...
2021-09-07 17:32:22,154 - movie_review_logger - INFO - 213 페이지 완료...
2021-09-07 17:32:23,019 - movie_review_logger - INFO - 214 페이지 완료...
2021-09-07 17:32:23,972 - movie_review_logger - INFO - 215 페이지 완료...
2021-09-07 17:32:24,921 - movie_review_logger - INFO - 216 페이지 완료...
2021-09-07 17:32:25,791 - movie_review_logger - INFO - 217 페이지 완료...
2021-09-07 17:32:26,656 - movie_review_logger - INFO - 218 페이지 완료...
2021-09-07 17:32:27,643 - movie_review_logger - INFO - 219 페이지 완료...
2021-09-07 17:32:28,651 - movie_review_logger - INFO - 220 페이지 완료...
2021-09-07 17:32:29,612 - movie_review_logger - INFO - 221 페이지 완료...
2021-09-07 17:32:30,567 - movie_review_logger - INFO - 222 페이지 완료...
2021-09-07 17:32:31,458 - movie_review_logger - INFO - 223 페이지 완료...
2021-09-07 17:32:32,351 - movie_review_logger - INFO - 224 페이지 완료...
2021-09-07 17:32:33,312 - movie_review_logger - INFO - 225 페이지 완료...
2021-09-07 17:32:34,259 - movie_review_logger - INFO - 226 페이지 완료...
2021-09-07 17:32:35,160 - movie_review_logger - INFO - 227 페이지 완료...
2021-09-07 17:32:36,187 - movie_review_logger - INFO - 228 페이지 완료...
2021-09-07 17:32:37,136 - movie_review_logger - INFO - 229 페이지 완료...
2021-09-07 17:32:38,084 - movie_review_logger - INFO - 230 페이지 완료...
2021-09-07 17:32:38,995 - movie_review_logger - INFO - 231 페이지 완료...
2021-09-07 17:32:39,918 - movie_review_logger - INFO - 232 페이지 완료...
2021-09-07 17:32:40,849 - movie_review_logger - INFO - 233 페이지 완료...
2021-09-07 17:32:41,777 - movie_review_logger - INFO - 234 페이지 완료...
2021-09-07 17:32:42,721 - movie_review_logger - INFO - 235 페이지 완료...
2021-09-07 17:32:43,791 - movie_review_logger - INFO - 236 페이지 완료...
2021-09-07 17:32:45,095 - movie_review_logger - INFO - 237 페이지 완료...
2021-09-07 17:32:46,035 - movie_review_logger - INFO - 238 페이지 완료...
2021-09-07 17:32:46,993 - movie_review_logger - INFO - 239 페이지 완료...
2021-09-07 17:32:47,947 - movie_review_logger - INFO - 240 페이지 완료...
2021-09-07 17:32:48,965 - movie_review_logger - INFO - 241 페이지 완료...
2021-09-07 17:32:49,985 - movie_review_logger - INFO - 242 페이지 완료...
2021-09-07 17:32:50,944 - movie_review_logger - INFO - 243 페이지 완료...
2021-09-07 17:32:51,918 - movie_review_logger - INFO - 244 페이지 완료...
2021-09-07 17:32:52,935 - movie_review_logger - INFO - 245 페이지 완료...
2021-09-07 17:32:53,988 - movie_review_logger - INFO - 246 페이지 완료...
2021-09-07 17:32:55,026 - movie_review_logger - INFO - 247 페이지 완료...
2021-09-07 17:32:56,062 - movie_review_logger - INFO - 248 페이지 완료...
2021-09-07 17:32:57,070 - movie_review_logger - INFO - 249 페이지 완료...
2021-09-07 17:32:58,060 - movie_review_logger - INFO - 250 페이지 완료...
2021-09-07 17:32:59,152 - movie_review_logger - INFO - 251 페이지 완료...
2021-09-07 17:33:00,272 - movie_review_logger - INFO - 252 페이지 완료...
2021-09-07 17:33:01,348 - movie_review_logger - INFO - 253 페이지 완료...
2021-09-07 17:33:02,360 - movie_review_logger - INFO - 254 페이지 완료...
2021-09-07 17:33:03,382 - movie_review_logger - INFO - 255 페이지 완료...
2021-09-07 17:33:04,416 - movie_review_logger - INFO - 256 페이지 완료...
2021-09-07 17:33:05,450 - movie_review_logger - INFO - 257 페이지 완료...
2021-09-07 17:33:06,487 - movie_review_logger - INFO - 258 페이지 완료...
2021-09-07 17:33:07,925 - movie_review_logger - INFO - 259 페이지 완료...
2021-09-07 17:33:08,872 - movie_review_logger - INFO - 260 페이지 완료...
2021-09-07 17:33:09,785 - movie_review_logger - INFO - 261 페이지 완료...
2021-09-07 17:33:10,690 - movie_review_logger - INFO - 262 페이지 완료...
2021-09-07 17:33:11,652 - movie_review_logger - INFO - 263 페이지 완료...
2021-09-07 17:33:12,601 - movie_review_logger - INFO - 264 페이지 완료...
2021-09-07 17:33:13,533 - movie_review_logger - INFO - 265 페이지 완료...
2021-09-07 17:33:14,542 - movie_review_logger - INFO - 266 페이지 완료...
2021-09-07 17:33:15,507 - movie_review_logger - INFO - 267 페이지 완료...
2021-09-07 17:33:16,510 - movie_review_logger - INFO - 268 페이지 완료...
2021-09-07 17:33:17,525 - movie_review_logger - INFO - 269 페이지 완료...
2021-09-07 17:33:18,474 - movie_review_logger - INFO - 270 페이지 완료...
2021-09-07 17:33:19,418 - movie_review_logger - INFO - 271 페이지 완료...
2021-09-07 17:33:20,366 - movie_review_logger - INFO - 272 페이지 완료...
2021-09-07 17:33:21,307 - movie_review_logger - INFO - 273 페이지 완료...
2021-09-07 17:33:22,348 - movie_review_logger - INFO - 274 페이지 완료...
2021-09-07 17:33:23,312 - movie_review_logger - INFO - 275 페이지 완료...
2021-09-07 17:33:24,299 - movie_review_logger - INFO - 276 페이지 완료...
2021-09-07 17:33:25,259 - movie_review_logger - INFO - 277 페이지 완료...
2021-09-07 17:33:26,344 - movie_review_logger - INFO - 278 페이지 완료...
2021-09-07 17:33:27,410 - movie_review_logger - INFO - 279 페이지 완료...
2021-09-07 17:33:28,414 - movie_review_logger - INFO - 280 페이지 완료...
2021-09-07 17:33:29,398 - movie_review_logger - INFO - 281 페이지 완료...
2021-09-07 17:33:30,382 - movie_review_logger - INFO - 282 페이지 완료...
2021-09-07 17:33:31,360 - movie_review_logger - INFO - 283 페이지 완료...
2021-09-07 17:33:32,449 - movie_review_logger - INFO - 284 페이지 완료...
2021-09-07 17:33:33,449 - movie_review_logger - INFO - 285 페이지 완료...
2021-09-07 17:33:34,448 - movie_review_logger - INFO - 286 페이지 완료...
2021-09-07 17:33:35,491 - movie_review_logger - INFO - 287 페이지 완료...
2021-09-07 17:33:36,535 - movie_review_logger - INFO - 288 페이지 완료...
2021-09-07 17:33:37,537 - movie_review_logger - INFO - 289 페이지 완료...
2021-09-07 17:33:38,546 - movie_review_logger - INFO - 290 페이지 완료...
2021-09-07 17:33:39,562 - movie_review_logger - INFO - 291 페이지 완료...
2021-09-07 17:33:40,578 - movie_review_logger - INFO - 292 페이지 완료...
2021-09-07 17:33:41,603 - movie_review_logger - INFO - 293 페이지 완료...
2021-09-07 17:33:42,634 - movie_review_logger - INFO - 294 페이지 완료...
2021-09-07 17:33:43,764 - movie_review_logger - INFO - 295 페이지 완료...
2021-09-07 17:33:44,827 - movie_review_logger - INFO - 296 페이지 완료...
2021-09-07 17:33:45,865 - movie_review_logger - INFO - 297 페이지 완료...
2021-09-07 17:33:46,917 - movie_review_logger - INFO - 298 페이지 완료...
2021-09-07 17:33:47,997 - movie_review_logger - INFO - 299 페이지 완료...
2021-09-07 17:33:49,052 - movie_review_logger - INFO - 300 페이지 완료...
2021-09-07 17:33:50,114 - movie_review_logger - INFO - 301 페이지 완료...
2021-09-07 17:33:51,182 - movie_review_logger - INFO - 302 페이지 완료...
2021-09-07 17:33:52,248 - movie_review_logger - INFO - 303 페이지 완료...
2021-09-07 17:33:53,421 - movie_review_logger - INFO - 304 페이지 완료...
2021-09-07 17:33:54,640 - movie_review_logger - INFO - 305 페이지 완료...
2021-09-07 17:33:55,722 - movie_review_logger - INFO - 306 페이지 완료...
2021-09-07 17:33:56,852 - movie_review_logger - INFO - 307 페이지 완료...
2021-09-07 17:33:58,024 - movie_review_logger - INFO - 308 페이지 완료...
2021-09-07 17:33:59,155 - movie_review_logger - INFO - 309 페이지 완료...
2021-09-07 17:34:00,337 - movie_review_logger - INFO - 310 페이지 완료...
2021-09-07 17:34:01,467 - movie_review_logger - INFO - 311 페이지 완료...
2021-09-07 17:34:02,579 - movie_review_logger - INFO - 312 페이지 완료...
2021-09-07 17:34:03,697 - movie_review_logger - INFO - 313 페이지 완료...
2021-09-07 17:34:04,804 - movie_review_logger - INFO - 314 페이지 완료...
2021-09-07 17:34:05,912 - movie_review_logger - INFO - 315 페이지 완료...
2021-09-07 17:34:07,033 - movie_review_logger - INFO - 316 페이지 완료...
2021-09-07 17:34:08,231 - movie_review_logger - INFO - 317 페이지 완료...
2021-09-07 17:34:09,422 - movie_review_logger - INFO - 318 페이지 완료...
2021-09-07 17:34:10,633 - movie_review_logger - INFO - 319 페이지 완료...
2021-09-07 17:34:11,852 - movie_review_logger - INFO - 320 페이지 완료...
2021-09-07 17:34:13,073 - movie_review_logger - INFO - 321 페이지 완료...
2021-09-07 17:34:14,255 - movie_review_logger - INFO - 322 페이지 완료...
2021-09-07 17:34:15,397 - movie_review_logger - INFO - 323 페이지 완료...
2021-09-07 17:34:16,639 - movie_review_logger - INFO - 324 페이지 완료...
2021-09-07 17:34:17,816 - movie_review_logger - INFO - 325 페이지 완료...
2021-09-07 17:34:18,982 - movie_review_logger - INFO - 326 페이지 완료...
2021-09-07 17:34:20,246 - movie_review_logger - INFO - 327 페이지 완료...
2021-09-07 17:34:21,428 - movie_review_logger - INFO - 328 페이지 완료...
2021-09-07 17:34:22,582 - movie_review_logger - INFO - 329 페이지 완료...
2021-09-07 17:34:24,122 - movie_review_logger - INFO - 330 페이지 완료...
2021-09-07 17:34:25,114 - movie_review_logger - INFO - 331 페이지 완료...
2021-09-07 17:34:26,131 - movie_review_logger - INFO - 332 페이지 완료...
2021-09-07 17:34:27,230 - movie_review_logger - INFO - 333 페이지 완료...
2021-09-07 17:34:28,296 - movie_review_logger - INFO - 334 페이지 완료...
2021-09-07 17:34:29,293 - movie_review_logger - INFO - 335 페이지 완료...
2021-09-07 17:34:30,308 - movie_review_logger - INFO - 336 페이지 완료...
2021-09-07 17:34:31,327 - movie_review_logger - INFO - 337 페이지 완료...
2021-09-07 17:34:32,346 - movie_review_logger - INFO - 338 페이지 완료...
2021-09-07 17:34:33,404 - movie_review_logger - INFO - 339 페이지 완료...
2021-09-07 17:34:34,472 - movie_review_logger - INFO - 340 페이지 완료...
2021-09-07 17:34:35,587 - movie_review_logger - INFO - 341 페이지 완료...
2021-09-07 17:34:36,663 - movie_review_logger - INFO - 342 페이지 완료...
2021-09-07 17:34:37,944 - movie_review_logger - INFO - 343 페이지 완료...
2021-09-07 17:34:39,101 - movie_review_logger - INFO - 344 페이지 완료...
2021-09-07 17:34:40,280 - movie_review_logger - INFO - 345 페이지 완료...
2021-09-07 17:34:41,371 - movie_review_logger - INFO - 346 페이지 완료...
2021-09-07 17:34:42,514 - movie_review_logger - INFO - 347 페이지 완료...
2021-09-07 17:34:43,655 - movie_review_logger - INFO - 348 페이지 완료...
2021-09-07 17:34:44,797 - movie_review_logger - INFO - 349 페이지 완료...
2021-09-07 17:34:45,865 - movie_review_logger - INFO - 350 페이지 완료...
2021-09-07 17:34:46,961 - movie_review_logger - INFO - 351 페이지 완료...
2021-09-07 17:34:48,252 - movie_review_logger - INFO - 352 페이지 완료...
2021-09-07 17:34:49,420 - movie_review_logger - INFO - 353 페이지 완료...
2021-09-07 17:34:50,525 - movie_review_logger - INFO - 354 페이지 완료...
2021-09-07 17:34:51,655 - movie_review_logger - INFO - 355 페이지 완료...
2021-09-07 17:34:52,820 - movie_review_logger - INFO - 356 페이지 완료...
2021-09-07 17:34:53,976 - movie_review_logger - INFO - 357 페이지 완료...
2021-09-07 17:34:55,071 - movie_review_logger - INFO - 358 페이지 완료...
2021-09-07 17:34:56,212 - movie_review_logger - INFO - 359 페이지 완료...
2021-09-07 17:34:57,310 - movie_review_logger - INFO - 360 페이지 완료...
2021-09-07 17:34:58,568 - movie_review_logger - INFO - 361 페이지 완료...
2021-09-07 17:34:59,765 - movie_review_logger - INFO - 362 페이지 완료...
2021-09-07 17:35:00,920 - movie_review_logger - INFO - 363 페이지 완료...
2021-09-07 17:35:02,153 - movie_review_logger - INFO - 364 페이지 완료...
2021-09-07 17:35:03,319 - movie_review_logger - INFO - 365 페이지 완료...
2021-09-07 17:35:04,470 - movie_review_logger - INFO - 366 페이지 완료...
2021-09-07 17:35:05,706 - movie_review_logger - INFO - 367 페이지 완료...
2021-09-07 17:35:06,892 - movie_review_logger - INFO - 368 페이지 완료...
2021-09-07 17:35:08,080 - movie_review_logger - INFO - 369 페이지 완료...
2021-09-07 17:35:09,436 - movie_review_logger - INFO - 370 페이지 완료...
2021-09-07 17:35:10,683 - movie_review_logger - INFO - 371 페이지 완료...
2021-09-07 17:35:11,860 - movie_review_logger - INFO - 372 페이지 완료...
2021-09-07 17:35:13,032 - movie_review_logger - INFO - 373 페이지 완료...
2021-09-07 17:35:14,323 - movie_review_logger - INFO - 374 페이지 완료...
2021-09-07 17:35:15,617 - movie_review_logger - INFO - 375 페이지 완료...
2021-09-07 17:35:16,844 - movie_review_logger - INFO - 376 페이지 완료...
2021-09-07 17:35:18,310 - movie_review_logger - INFO - 377 페이지 완료...
2021-09-07 17:35:19,572 - movie_review_logger - INFO - 378 페이지 완료...
2021-09-07 17:35:20,806 - movie_review_logger - INFO - 379 페이지 완료...
2021-09-07 17:35:22,078 - movie_review_logger - INFO - 380 페이지 완료...
2021-09-07 17:35:23,374 - movie_review_logger - INFO - 381 페이지 완료...
2021-09-07 17:35:24,753 - movie_review_logger - INFO - 382 페이지 완료...
2021-09-07 17:35:25,997 - movie_review_logger - INFO - 383 페이지 완료...
2021-09-07 17:35:27,368 - movie_review_logger - INFO - 384 페이지 완료...
2021-09-07 17:35:28,620 - movie_review_logger - INFO - 385 페이지 완료...
2021-09-07 17:35:29,876 - movie_review_logger - INFO - 386 페이지 완료...
2021-09-07 17:35:31,107 - movie_review_logger - INFO - 387 페이지 완료...
2021-09-07 17:35:32,403 - movie_review_logger - INFO - 388 페이지 완료...
2021-09-07 17:35:33,660 - movie_review_logger - INFO - 389 페이지 완료...
2021-09-07 17:35:34,896 - movie_review_logger - INFO - 390 페이지 완료...
2021-09-07 17:35:36,268 - movie_review_logger - INFO - 391 페이지 완료...
2021-09-07 17:35:37,553 - movie_review_logger - INFO - 392 페이지 완료...
2021-09-07 17:35:38,937 - movie_review_logger - INFO - 393 페이지 완료...
2021-09-07 17:35:40,191 - movie_review_logger - INFO - 394 페이지 완료...
2021-09-07 17:35:41,535 - movie_review_logger - INFO - 395 페이지 완료...
2021-09-07 17:35:42,894 - movie_review_logger - INFO - 396 페이지 완료...
2021-09-07 17:35:44,286 - movie_review_logger - INFO - 397 페이지 완료...
2021-09-07 17:35:45,683 - movie_review_logger - INFO - 398 페이지 완료...
2021-09-07 17:35:47,014 - movie_review_logger - INFO - 399 페이지 완료...
2021-09-07 17:35:48,904 - movie_review_logger - INFO - 400 페이지 완료...
2021-09-07 17:35:50,112 - movie_review_logger - INFO - 401 페이지 완료...
2021-09-07 17:35:51,497 - movie_review_logger - INFO - 402 페이지 완료...
2021-09-07 17:35:52,794 - movie_review_logger - INFO - 403 페이지 완료...
2021-09-07 17:35:53,937 - movie_review_logger - INFO - 404 페이지 완료...
2021-09-07 17:35:55,020 - movie_review_logger - INFO - 405 페이지 완료...
2021-09-07 17:35:56,098 - movie_review_logger - INFO - 406 페이지 완료...
2021-09-07 17:35:57,301 - movie_review_logger - INFO - 407 페이지 완료...
2021-09-07 17:35:58,621 - movie_review_logger - INFO - 408 페이지 완료...
2021-09-07 17:35:59,834 - movie_review_logger - INFO - 409 페이지 완료...
2021-09-07 17:36:00,967 - movie_review_logger - INFO - 410 페이지 완료...
2021-09-07 17:36:02,216 - movie_review_logger - INFO - 411 페이지 완료...
2021-09-07 17:36:03,352 - movie_review_logger - INFO - 412 페이지 완료...
2021-09-07 17:36:04,458 - movie_review_logger - INFO - 413 페이지 완료...
2021-09-07 17:36:05,555 - movie_review_logger - INFO - 414 페이지 완료...
2021-09-07 17:36:06,653 - movie_review_logger - INFO - 415 페이지 완료...
2021-09-07 17:36:07,753 - movie_review_logger - INFO - 416 페이지 완료...
2021-09-07 17:36:08,859 - movie_review_logger - INFO - 417 페이지 완료...
2021-09-07 17:36:10,026 - movie_review_logger - INFO - 418 페이지 완료...
2021-09-07 17:36:11,173 - movie_review_logger - INFO - 419 페이지 완료...
2021-09-07 17:36:12,288 - movie_review_logger - INFO - 420 페이지 완료...
2021-09-07 17:36:13,484 - movie_review_logger - INFO - 421 페이지 완료...
2021-09-07 17:36:14,643 - movie_review_logger - INFO - 422 페이지 완료...
2021-09-07 17:36:15,907 - movie_review_logger - INFO - 423 페이지 완료...
2021-09-07 17:36:17,148 - movie_review_logger - INFO - 424 페이지 완료...
2021-09-07 17:36:18,433 - movie_review_logger - INFO - 425 페이지 완료...
2021-09-07 18:02:30,640 - movie_review_logger - INFO - 가상 브라우저 실행...
2021-09-07 18:02:34,133 - movie_review_logger - INFO -  리뷰 수집 시작!
2021-09-07 18:02:34,846 - movie_review_logger - INFO - 1 페이지 완료...
2021-09-07 18:02:35,330 - movie_review_logger - INFO -  영화 리뷰 수집완료...
